<?xml version="1.0" encoding="UTF-8"?>
<testsuite xmlns:xsi="http://www.w3.org/2001/XMLSchema-instance" xsi:noNamespaceSchemaLocation="https://maven.apache.org/surefire/maven-surefire-plugin/xsd/surefire-test-report-3.0.xsd" version="3.0" name="io.github.marcoratto.junit.mqttsn.TestPublisher" time="28.244" tests="16" errors="0" skipped="0" failures="0">
  <properties>
[...]
</properties>
  <testcase name="testLWTUpdateMessage" classname="io.github.marcoratto.junit.mqttsn.TestPublisher" time="3.67">
    <system-out><![CDATA[testLWTUpdateMessage.setUp()
WillTopicListener(): Ricevuto payload: offline sul topic: mqttsn/status
io.github.marcoratto.junit.mqttsn.TestPublisher.testLWTUpdateMessage()
TopicListener(): Ricevuto payload: Hello 64249 sul topic: mqttsn/sample
WillTopicListener(): Ricevuto payload: off sul topic: mqttsn/status
testLWTUpdateMessage.tearDown()
]]></system-out>
    <system-err><![CDATA[SLF4J: No SLF4J providers were found.
SLF4J: Defaulting to no-operation (NOP) logger implementation
SLF4J: See https://www.slf4j.org/codes.html#noProviders for further details.
]]></system-err>
  </testcase>
  <testcase name="testSearchGateway" classname="io.github.marcoratto.junit.mqttsn.TestPublisher" time="0.84">
    <system-out><![CDATA[testSearchGateway.setUp()
WillTopicListener(): Ricevuto payload: off sul topic: mqttsn/status
io.github.marcoratto.junit.mqttsn.TestPublisher.testSearchGateway()
testSearchGateway.tearDown()
]]></system-out>
  </testcase>
  <testcase name="testLWT1" classname="io.github.marcoratto.junit.mqttsn.TestPublisher" time="1.345">
    <system-out><![CDATA[testLWT1.setUp()
WillTopicListener(): Ricevuto payload: off sul topic: mqttsn/status
io.github.marcoratto.junit.mqttsn.TestPublisher.testLWT1()
TopicListener(): Ricevuto payload: Hello 50487 sul topic: mqttsn/sample
testLWT1.tearDown()
]]></system-out>
  </testcase>
  <testcase name="testLWT2" classname="io.github.marcoratto.junit.mqttsn.TestPublisher" time="1.561">
    <system-out><![CDATA[testLWT2.setUp()
io.github.marcoratto.junit.mqttsn.TestPublisher.testLWT2()
WillTopicListener(): Ricevuto payload: offline sul topic: mqttsn/status
TopicListener(): Ricevuto payload: Hello 38631 sul topic: mqttsn/sample
testLWT2.tearDown()
]]></system-out>
  </testcase>
  <testcase name="testLWTUpdateTopic" classname="io.github.marcoratto.junit.mqttsn.TestPublisher" time="3.376">
    <system-out><![CDATA[testLWTUpdateTopic.setUp()
io.github.marcoratto.junit.mqttsn.TestPublisher.testLWTUpdateTopic()
WillTopicListener(): Ricevuto payload: offline sul topic: mqttsn/status
TopicListener(): Ricevuto payload: Hello 45948 sul topic: mqttsn/sample
testLWTUpdateTopic.tearDown()
]]></system-out>
  </testcase>
  <testcase name="testPublishTopicPredefined_Qos_N1" classname="io.github.marcoratto.junit.mqttsn.TestPublisher" time="1.336">
    <system-out><![CDATA[testPublishTopicPredefined_Qos_N1.setUp()
io.github.marcoratto.junit.mqttsn.TestPublisher.testPublishTopicPredefined_Qos_N1()
WillTopicListener(): Ricevuto payload: offline sul topic: mqttsn/status
TopicListener(): Ricevuto payload: Hello 16414 sul topic: mqttsn/test/predefined_pub
testPublishTopicPredefined_Qos_N1.tearDown()
]]></system-out>
  </testcase>
  <testcase name="testClientIdNull" classname="io.github.marcoratto.junit.mqttsn.TestPublisher" time="1.475">
    <system-out><![CDATA[testClientIdNull.setUp()
WillTopicListener(): Ricevuto payload: offline sul topic: mqttsn/status
io.github.marcoratto.junit.mqttsn.TestPublisher.testClientIdNull()
TopicListener(): Ricevuto payload: Hello 60644 sul topic: mqttsn/test/predefined_pub
testClientIdNull.tearDown()
]]></system-out>
  </testcase>
  <testcase name="testPublishLongTopicQos0" classname="io.github.marcoratto.junit.mqttsn.TestPublisher" time="1.366">
    <system-out><![CDATA[testPublishLongTopicQos0.setUp()
io.github.marcoratto.junit.mqttsn.TestPublisher.testPublishLongTopicQos0()
WillTopicListener(): Ricevuto payload: offline sul topic: mqttsn/status
TopicListener(): Ricevuto payload: Hello 28178 sul topic: mqttsn/sample
testPublishLongTopicQos0.tearDown()
]]></system-out>
  </testcase>
  <testcase name="testPublishLongTopicQos1" classname="io.github.marcoratto.junit.mqttsn.TestPublisher" time="1.361">
    <system-out><![CDATA[testPublishLongTopicQos1.setUp()
WillTopicListener(): Ricevuto payload: offline sul topic: mqttsn/status
io.github.marcoratto.junit.mqttsn.TestPublisher.testPublishLongTopicQos1()
TopicListener(): Ricevuto payload: Hello 7849 sul topic: mqttsn/sample
testPublishLongTopicQos1.tearDown()
]]></system-out>
  </testcase>
  <testcase name="testPublishLongTopicQos2" classname="io.github.marcoratto.junit.mqttsn.TestPublisher" time="0.33">
    <system-out><![CDATA[testPublishLongTopicQos2.setUp()
WillTopicListener(): Ricevuto payload: offline sul topic: mqttsn/status
io.github.marcoratto.junit.mqttsn.TestPublisher.testPublishLongTopicQos2()
testPublishLongTopicQos2.tearDown()
]]></system-out>
  </testcase>
  <testcase name="testPublishLongTopicTooLong" classname="io.github.marcoratto.junit.mqttsn.TestPublisher" time="0.345">
    <system-out><![CDATA[testPublishLongTopicTooLong.setUp()
io.github.marcoratto.junit.mqttsn.TestPublisher.testPublishLongTopicTooLong()
WillTopicListener(): Ricevuto payload: offline sul topic: mqttsn/status
testPublishLongTopicTooLong.tearDown()
]]></system-out>
  </testcase>
  <testcase name="testPublishShortTopicQosN1" classname="io.github.marcoratto.junit.mqttsn.TestPublisher" time="1.348">
    <system-out><![CDATA[testPublishShortTopicQosN1.setUp()
WillTopicListener(): Ricevuto payload: offline sul topic: mqttsn/status
io.github.marcoratto.junit.mqttsn.TestPublisher.testPublishShortTopicQosN1()
TopicListener(): Ricevuto payload: Hello 11658 sul topic: tt
testPublishShortTopicQosN1.tearDown()
]]></system-out>
  </testcase>
  <testcase name="testRegisterAndPublishLongTopic" classname="io.github.marcoratto.junit.mqttsn.TestPublisher" time="5.49">
    <system-out><![CDATA[testRegisterAndPublishLongTopic.setUp()
io.github.marcoratto.junit.mqttsn.TestPublisher.testRegisterAndPublishLongTopic()
WillTopicListener(): Ricevuto payload: offline sul topic: mqttsn/status
TopicListener(): Ricevuto payload: Hello 4232 sul topic: mqttsn/sample0
TopicListener(): Ricevuto payload: Hello 55489 sul topic: mqttsn/sample1
TopicListener(): Ricevuto payload: Hello 43198 sul topic: mqttsn/sample2
TopicListener(): Ricevuto payload: Hello 62390 sul topic: mqttsn/sample3
TopicListener(): Ricevuto payload: Hello 24980 sul topic: mqttsn/sample4
testRegisterAndPublishLongTopic.tearDown()
]]></system-out>
  </testcase>
  <testcase name="testPublishBigPayload" classname="io.github.marcoratto.junit.mqttsn.TestPublisher" time="1.622">
    <system-out><![CDATA[testPublishBigPayload.setUp()
WillTopicListener(): Ricevuto payload: offline sul topic: mqttsn/status
io.github.marcoratto.junit.mqttsn.TestPublisher.testPublishLongTopicQos1()
TopicListener(): Ricevuto payload: Hello 33951Hello 61284Hello 23978Hello 30838Hello 19626Hello 38820Hello 57336Hello 39852Hello 5065Hello 36717Hello 52118Hello 47201Hello 55368Hello 61268Hello 63737Hello 23565Hello 41158Hello 58883Hello 43532Hello 9259Hello 43323Hello 37309Hello 51944Hello 35469Hello 9584Hello 32391Hello 50483Hello 11216Hello 35231Hello 25908Hello 53511Hello 1676Hello 36619Hello 34888Hello 52742Hello 5665Hello 31619Hello 36834Hello 18015Hello 4493Hello 30541Hello 6222Hello 19734Hello 31534Hello 58173Hello 38820Hello 19708Hello 30254Hello 54879Hello 18128Hello 60760Hello 45252Hello 49858Hello 22785Hello 8954Hello 34451Hello 19456Hello 46057Hello 3607Hello 12636Hello 46521Hello 18805Hello 32164Hello 19154Hello 16894Hello 55215Hello 57317Hello 2426Hello 31792Hello 29169Hello 32874Hello 26910Hello 3234Hello 14696Hello 55993Hello 15614Hello 28093Hello 46944Hello 51018Hello 26770Hello 55889Hello 22773Hello 13778Hello 19406Hello 26571Hello 41881Hello 58125Hello 57545Hello 5209Hello 16491Hello 13961Hello 23807Hello 31117Hello 36262Hello 33068Hello 30683Hello 37337Hello 40483Hello 29059Hello 26964Hello 1078Hello 55870Hello 48561Hello 36344Hello 17729Hello 10018Hello 15556Hello 16443Hello 5062Hello 63467Hello 47731Hello 63657Hello 48761Hello 7945Hello 24308Hello 52779Hello 7675Hello 34601Hello 47910Hello 14421Hello 15810Hello 28775Hello 29396Hello 64904Hello 53404Hello 26871Hello 21564Hello 55714Hello 44217Hello 53002Hello 43256Hello 63521Hello 19694Hello 20892Hello 29788Hello 7890Hello 18461Hello 43141Hello 36093Hello 34567Hello 10443Hello 52095Hello 28716Hello 37098Hello 57553Hello 30130Hello 56520Hello 63662Hello 33404Hello 7280Hello 31762Hello 8333Hello 46120Hello 39148Hello 557Hello 50476Hello 862Hello 52990Hello 33144Hello 42089Hello 41032Hello 21603Hello 48925Hello 14850Hello 12585Hello 41074Hello 63504Hello 52792Hello 15126Hello 48043Hello 56886Hello 54678Hello 61029Hello 19433Hello 55744Hello 55173Hello 50804Hello 10496Hello 16773Hello 8274Hello 15985Hello 48124Hello 51774Hello 19681Hello 23508Hello 21954Hello 2824Hello 6084Hello 63547Hello 58796Hello 45074Hello 65075Hello 37330Hello 26325Hello 33106Hello 62543Hello 6878Hello 57986Hello 57662Hello 11559Hello 17200Hello 55958Hello 9014Hello 2684Hello 52400Hello 5572Hello 41378Hello 52305Hello 15162Hello 10495Hello 19268Hello 15243Hello 47687Hello 5383Hello 41532Hello 21Hello 59788Hello 32453Hello 62146Hello 16024Hello 2632Hello 18309Hello 23364Hello 15737Hello 15789Hello 65322Hello 56141Hello 29083Hello 65373Hello 45105Hello 42162Hello 41322Hello 47529Hello 3182Hello 53792Hello 29096Hello 5340Hello 46077Hello 24219Hello 34864Hello 30994Hello 19981Hello 43636Hello 21450Hello 64973Hello 58805Hello 47709Hello 52451Hello 11205Hello 3974Hello 58706Hello 8474Hello 4476Hello 11274Hello 32418Hello 42495Hello 4992Hello 61703Hello 12566Hello 8744Hello 542Hello 41919Hello 60784Hello 62828Hello 10768Hello 56246Hello 35422Hello 43110Hello 65261Hello 22494Hello 59986Hello 1353Hello 46847Hello 8782Hello 24385Hello 50715Hello 36355Hello 15627Hello 37976Hello 45293Hello 3990Hello 46912Hello 1970Hello 64150Hello 256Hello 55039Hello 24579Hello 387Hello 52677Hello 2546Hello 36712Hello 59999Hello 14260Hello 2912Hello 53942Hello 7323Hello 39242Hello 22603Hello 29931Hello 39299Hello 14172Hello 44777Hello 54666Hello 11169Hello 16755Hello 47414Hello 31353Hello 51553Hello 35208Hello 33711Hello 20061Hello 28301Hello 35955Hello 44429Hello 29910Hello 37429Hello 41366Hello 16139Hello 37900Hello 50927Hello 10467Hello 11492Hello 10093Hello 54801Hello 29881Hello 45769Hello 2196Hello 48615Hello 60957Hello 59266Hello 34741Hello 65223Hello 33615Hello 48243Hello 45456Hello 9060Hello 64673Hello 36342Hello 32867Hello 22415Hello 55094Hello 59832Hello 23283Hello 9888Hello 64744Hello 27126Hello 18754Hello 19488Hello 52915Hello 34488Hello 42037Hello 54483Hello 9115Hello 39436Hello 49004Hello 18275Hello 21454Hello 10016Hello 8264Hello 45130Hello 6644Hello 42972Hello 23073Hello 17079Hello 58885Hello 47609Hello 53331Hello 20529Hello 62425Hello 55095Hello 49477Hello 58502Hello 64893Hello 36858Hello 49433Hello 62792Hello 26453Hello 50249Hello 58639Hello 9832Hello 50601Hello 63986Hello 47622Hello 53536Hello 22203Hello 5742Hello 10172Hello 55791Hello 18129Hello 6158Hello 24698Hello 22006Hello 35003Hello 11036Hello 1024Hello 28668Hello 36929Hello 34800Hello 34194Hello 4342Hello 33115Hello 23265Hello 26400Hello 22090Hello 48560Hello 54072Hello 17360Hello 7296Hello 8052Hello 26659Hello 47743Hello 36775Hello 11601Hello 27829Hello 40053Hello 7062Hello 57854Hello 63933Hello 16213Hello 60684Hello 1765Hello 23942Hello 53164Hello 54474Hello 53487Hello 24326Hello 33682Hello 36784Hello 8403Hello 25632Hello 28027Hello 24080Hello 57831Hello 44602Hello 28376Hello 45488Hello 3839Hello 63918Hello 19493Hello 55382Hello 18923Hello 5319Hello 21309Hello 24318Hello 6438Hello 57984Hello 61658Hello 65265Hello 29556Hello 10548Hello 27193Hello 56480Hello 28544Hello 12384Hello 16640Hello 46154Hello 33107Hello 21950Hello 58038Hello 49473Hello 32025Hello 16976Hello 49308Hello 17164Hello 22775Hello 3318Hello 17429Hello 15714Hello 19202Hello 30254Hello 42600Hello 62529Hello 62130Hello 45645Hello 60469Hello 53579Hello 8342Hello 64739Hello 52860Hello 48486Hello 44527Hello 23218Hello 28563Hello 57951Hello 25791Hello 52873Hello 22767Hello 11263Hello 14442Hello 59453Hello 57877Hello 34788Hello 52288Hello 12906Hello 53278Hello 64294Hello 57706Hello 13797Hello 17629Hello 35678Hello 62646Hello 38351Hello 33834Hello 37461Hello 21158Hello 24665Hello 62996Hello 51894Hello 10372Hello 1418Hello 11726Hello 23553Hello 3628Hello 11391Hello 18554Hello 8531Hello 16392Hello 30912Hello 45957Hello 57039Hello 50480Hello 51722Hello 58591Hello 37832Hello 29681Hello 55774Hello 54740Hello 31286Hello 49345Hello 8832Hello 5543Hello 56534Hello 60241Hello 54941Hello 34596Hello 47540Hello 11219Hello 44949Hello 63647Hello 45349Hello 3003Hello 56079Hello 26787Hello 35492Hello 756Hello 44399Hello 7369Hello 33138Hello 29969Hello 3782Hello 14545Hello 19247Hello 7250Hello 60459Hello 431Hello 23848Hello 20278Hello 24436Hello 6288Hello 41791Hello 6992Hello 11415Hello 53691Hello 52093Hello 33109Hello 64923Hello 62484Hello 18318Hello 38837Hello 40812Hello 36462Hello 54673Hello 43753Hello 11657Hello 13149Hello 44453Hello 20271Hello 3623Hello 13582Hello 56212Hello 30250Hello 5431Hello 50871Hello 49368Hello 23570Hello 47382Hello 60516Hello 64501Hello 46379Hello 41031Hello 14588Hello 2369Hello 41890Hello 22061Hello 55992Hello 39299Hello 38681Hello 7519Hello 24611Hello 44448Hello 43528Hello 23022Hello 1295Hello 40612Hello 59988Hello 22213Hello 29953Hello 26073Hello 35138Hello 14227Hello 40864Hello 16588Hello 56668Hello 3128Hello 28027Hello 6004Hello 29226Hello 63614Hello 45371Hello 19309Hello 4505Hello 24813Hello 41995Hello 26586Hello 15019Hello 20878Hello 63133Hello 7307Hello 942Hello 4932Hello 36375Hello 61944Hello 5679Hello 56673Hello 32439Hello 24771Hello 22958Hello 50076Hello 9314Hello 37778Hello 208Hello 3245Hello 40012Hello 15368Hello 63428Hello 59692Hello 15195Hello 5764Hello 54594Hello 34826Hello 22876Hello 18813Hello 18113Hello 17188Hello 14324Hello 1361Hello 62570Hello 42870Hello 4138Hello 30935Hello 15174Hello 45814Hello 10474Hello 5174Hello 38645Hello 41781Hello 12379Hello 35056Hello 57722Hello 45319Hello 9142Hello 468Hello 15241Hello 5554Hello 53121Hello 65154Hello 27266Hello 52477Hello 43588Hello 32864Hello 31758Hello 12153Hello 31246Hello 17469Hello 46035Hello 56713Hello 61027Hello 14998Hello 32881Hello 672Hello 59658Hello 30861Hello 52159Hello 22432Hello 63267Hello 8994Hello 29274Hello 54145Hello 6153Hello 14506Hello 17781Hello 30496Hello 64706Hello 40014Hello 22637Hello 9062Hello 56876Hello 48780Hello 24450Hello 57814Hello 32854Hello 36772Hello 16709Hello 55151Hello 40467Hello 45729Hello 51425Hello 32561Hello 53961Hello 12516Hello 39087Hello 60623Hello 21731Hello 10782Hello 7415Hello 59953Hello 43229Hello 20117Hello 59693Hello 40525Hello 61374Hello 2026Hello 22207Hello 256Hello 56740Hello 60244Hello 28175Hello 22821Hello 14321Hello 8318Hello 15489Hello 26842Hello 22851Hello 57855Hello 42800Hello 32382Hello 33154Hello 49032Hello 18385Hello 40642Hello 37114Hello 45789Hello 7647Hello 45631Hello 55973Hello 31518Hello 38444Hello 38441Hello 9349Hello 9493Hello 64093Hello 63938Hello 46686Hello 51053Hello 63407Hello 54880Hello 56234Hello 31585Hello 30881Hello 52143Hello 41062Hello 21744Hello 30018Hello 15242Hello 64915Hello 49978Hello 21458Hello 17490Hello 60728Hello 54972Hello 18149Hello 25556Hello 54640Hello 57389Hello 29724Hello 23868Hello 9689Hello 65496Hello 55601Hello 45389Hello 41259Hello 5597Hello 45999Hello 12829Hello 50778Hello 45299Hello 39255Hello 2489Hello 2184Hello 4370Hello 23991Hello 55836Hello 14679Hello 36312Hello 5314Hello 36259Hello 45961Hello 50741Hello 19244Hello 51213Hello 10133Hello 18433Hello 14222Hello 12558Hello 48712Hello 38320Hello 30337Hello 49925Hello 14189Hello 2074Hello 52691Hello 36366Hello 49333Hello 8240Hello 42430Hello 20441Hello 19188Hello 59719Hello 41820Hello 41957Hello 28810Hello 2171Hello 26032Hello 29835Hello 52230Hello 27798Hello 48754Hello 31275Hello 2551Hello 45786Hello 37064Hello 51736Hello 22358Hello 12616Hello 42393Hello 12070Hello 19734Hello 25496Hello 10023Hello 50023Hello 56309Hello 36592Hello 48406Hello 10938Hello 17416Hello 17235Hello 33362Hello 30186Hello 43569Hello 30788Hello 52141Hello 54555Hello 12369Hello 21799Hello 8809Hello 59049Hello 60692Hello 346Hello 12818Hello 8670Hello 14525Hello 35076Hello 38428Hello 57727Hello 11265Hello 18482Hello 29393Hello 57011Hello 62459Hello 56141Hello 10740Hello 1364Hello 15805Hello 312Hello 41786Hello 48177Hello 31170Hello 30042Hello 48585Hello 142Hello 21523Hello 49156Hello 36052Hello 45931Hello 23778Hello 47181Hello 6206Hello 46451Hello 55565Hello 50421Hello 8741Hello 47225Hello 63347Hello 55049Hello 64321Hello 34660Hello 12080Hello 4691Hello 9Hello 49779Hello 32392Hello 8032Hello 44892Hello 48063Hello 19789Hello 47194Hello 9453Hello 53113Hello 28313Hello 56505Hello 1868Hello 39460Hello 14776Hello 21587Hello 35564Hello 51208Hello 25118Hello 28395Hello 51729Hello 8446Hello 18150Hello 42846Hello 17472Hello 62642Hello 42652Hello 31890Hello 652Hello 57101Hello 62275Hello 56625Hello 22934Hello 37211Hello 22838Hello 57997Hello 27617Hello 55132Hello 57291Hello 57304Hello 21705Hello 56808Hello 18919Hello 50173Hello 11515Hello 64998Hello 47257Hello 24590Hello 59865Hello 2297Hello 47252Hello 15208Hello 60949Hello 58377Hello 50715Hello 49841Hello 28908Hello 33771Hello 3122Hello 34380Hello 29551Hello 11929Hello 23956Hello 4358Hello 61062Hello 15519Hello 26953Hello 31723Hello 59117Hello 57109Hello 10169Hello 35869Hello 16839Hello 4166Hello 61530Hello 7856Hello 10823Hello 40943Hello 6463Hello 16942Hello 30917Hello 30901Hello 10205Hello 48451Hello 25744Hello 44049Hello 21660Hello 57259Hello 32463Hello 53324Hello 26269Hello 19111Hello 5343Hello 15027Hello 9173Hello 38066Hello 64903Hello 16710Hello 65432Hello 48644Hello 57069Hello 35267Hello 43431Hello 40798Hello 1782Hello 53947Hello 24444Hello 52733Hello 44741Hello 52744Hello 29348Hello 29590Hello 13899Hello 41820Hello 35757Hello 313Hello 51004Hello 7945Hello 15549Hello 53193Hello 1243Hello 56221Hello 47780Hello 4702Hello 20745Hello 2042Hello 43192Hello 52478Hello 33607Hello 45706Hello 22409Hello 17128Hello 11530Hello 19252Hello 52742Hello 33002Hello 45718Hello 55788Hello 36013Hello 2743Hello 55560Hello 12505Hello 23857Hello 10423Hello 64237Hello 5047Hello 5178Hello 24103Hello 15367Hello 57025Hello 20549Hello 26665Hello 1070Hello 6020Hello 43217Hello 54661Hello 37987Hello 28158Hello 55823Hello 56134Hello 63420Hello 54193Hello 60114Hello 35845Hello 17075Hello 63529Hello 4917Hello 47301Hello 37948Hello 48514Hello 16385Hello 2137Hello 43934Hello 34153Hello 55900Hello 56170Hello 52368Hello 12162Hello 23720Hello 2122Hello 9866Hello 15013Hello 39162Hello 24896Hello 25986Hello 33260Hello 12035Hello 44659Hello 57631Hello 37Hello 21310Hello 50667Hello 52033Hello 30283Hello 35831Hello 11332Hello 25372Hello 25730Hello 17176Hello 45371Hello 14934Hello 18810Hello 27375Hello 36605Hello 63857Hello 61329Hello 8689Hello 64750Hello 50522Hello 54028Hello 33212Hello 28648Hello 8920Hello 1034Hello 41601Hello 23691Hello 57834Hello 4933Hello 53964Hello 3080Hello 32409Hello 60776Hello 46776Hello 18374Hello 34157Hello 12578Hello 40484Hello 40842Hello 72Hello 54194Hello 24530Hello 54364Hello 15889Hello 46039Hello 17430Hello 38384Hello 31723Hello 64650Hello 37960Hello 62075Hello 21895Hello 55586Hello 2421Hello 45706Hello 19681Hello 43011Hello 2196Hello 39382Hello 21828Hello 48624Hello 13545Hello 61681Hello 23211Hello 62354Hello 1696Hello 28871Hello 6868Hello 1896Hello 27936Hello 28289Hello 63259Hello 22517Hello 36749Hello 50719Hello 18682Hello 5125Hello 41884Hello 8820Hello 25030Hello 37661Hello 32601Hello 26964Hello 8472Hello 11947Hello 53195Hello 55892Hello 38125Hello 56922Hello 18366Hello 51249Hello 63828Hello 49151Hello 12209Hello 53770Hello 37881Hello 7927Hello 720Hello 59816Hello 64477Hello 7452Hello 28395Hello 40702Hello 62990Hello 45498Hello 40434Hello 48075Hello 58343Hello 4385Hello 30646Hello 62086Hello 1555Hello 8976Hello 41827Hello 54067Hello 55474Hello 38225Hello 29855Hello 26943Hello 26735Hello 29693Hello 8261Hello 53395Hello 32925Hello 7292Hello 26527Hello 51415Hello 2194Hello 9232Hello 9242Hello 16364Hello 15487Hello 46067Hello 16502Hello 56808Hello 61052Hello 57783Hello 30647Hello 37656Hello 1411Hello 2301Hello 55914Hello 54291Hello 26950Hello 33809Hello 12580Hello 24277Hello 59216Hello 29989Hello 20936Hello 25255Hello 24760Hello 16376Hello 55566Hello 44493Hello 62856Hello 49238Hello 60873Hello 61794Hello 49164Hello 42199Hello 59926Hello 18461Hello 43338Hello 32072Hello 45944Hello 13630Hello 60325Hello 48320Hello 53092Hello 38949Hello 3030Hello 52948Hello 51715Hello 21760Hello 61009Hello 47244Hello 22491Hello 57603Hello 55416Hello 24887Hello 53403Hello 34527Hello 52966Hello 48830Hello 32230Hello 47334Hello 13638Hello 62457Hello 26586Hello 30188Hello 15885Hello 33399Hello 34076Hello 34783Hello 32867Hello 31090Hello 10416Hello 56200Hello 62760Hello 57013Hello 24357Hello 47540Hello 13110Hello 30613Hello 17388Hello 54308Hello 15169Hello 16474Hello 33879Hello 37167Hello 16155Hello 12033Hello 13083Hello 38115Hello 21155Hello 20914Hello 24647Hello 26853Hello 11373Hello 53646Hello 2376Hello 46766Hello 25252Hello 32898Hello 20990Hello 15448Hello 25475Hello 56924Hello 16846Hello 2009Hello 65238Hello 44766Hello 27174Hello 14998Hello 63896Hello 62406Hello 26497Hello 23975Hello 47593Hello 62050Hello 50890Hello 54071Hello 20362Hello 49265Hello 1035Hello 29682Hello 63158Hello 809Hello 35090Hello 42737Hello 60819Hello 62080Hello 18770Hello 24060Hello 3156Hello 58019Hello 30555Hello 35919Hello 4821Hello 15890Hello 62147Hello 7443Hello 50086Hello 31398Hello 28003Hello 49560Hello 16729Hello 11558Hello 47985Hello 39354Hello 57747Hello 45701Hello 10622Hello 63096Hello 43924Hello 1331Hello 37503Hello 62810Hello 53559Hello 29743Hello 37316Hello 1815Hello 56333Hello 25060Hello 37426Hello 27429Hello 10005Hello 52865Hello 50540Hello 46590Hello 33774Hello 23595Hello 47231Hello 55814Hello 27790Hello 11587Hello 56913Hello 48761Hello 51837Hello 41439Hello 57010Hello 56707Hello 27828Hello 23901Hello 62566Hello 7756Hello 4280Hello 53510Hello 35212Hello 62449Hello 8116Hello 32068Hello 29746Hello 39934Hello 54201Hello 52796Hello 9846Hello 44864Hello 17862Hello 30862Hello 58649Hello 18126Hello 15402Hello 571Hello 50674Hello 52701Hello 7480Hello 46233Hello 26355Hello 34132Hello 6623Hello 34176Hello 22069Hello 44354Hello 26759Hello 54275Hello 38586Hello 38882Hello 29111Hello 7400Hello 24135Hello 55629Hello 33687Hello 56429Hello 5779Hello 34546Hello 25236Hello 45255Hello 53958Hello 44917Hello 37817Hello 729Hello 51443Hello 62976Hello 63766Hello 2551Hello 43662Hello 21980Hello 18798Hello 58630Hello 43651Hello 11671Hello 25263Hello 9649Hello 25650Hello 34204Hello 7966Hello 41664Hello 14956Hello 631Hello 1923Hello 21699Hello 50623Hello 38178Hello 2598Hello 4858Hello 34486Hello 11755Hello 16831Hello 3973Hello 698Hello 16854Hello 38310Hello 52555Hello 1713Hello 59514Hello 10850Hello 39319Hello 25135Hello 16432Hello 64721Hello 49029Hello 7033Hello 41918Hello 30503Hello 16196Hello 576Hello 34811Hello 14318Hello 48886Hello 46363Hello 52795Hello 16250Hello 9771Hello 15425Hello 19782Hello 53441Hello 49901Hello 52838Hello 42887Hello 60002Hello 9107Hello 59535Hello 37501Hello 821Hello 23274Hello 51724Hello 6907Hello 64959Hello 59753Hello 60591Hello 13279Hello 19614Hello 59804Hello 25650Hello 34961Hello 12074Hello 52154Hello 51568Hello 6518Hello 45453Hello 51395Hello 9075Hello 4509Hello 59785Hello 31056Hello 21816Hello 44674Hello 15155Hello 46689Hello 21714Hello 16674Hello 28291Hello 59660Hello 21206Hello 15261Hello 57081Hello 57019Hello 22655Hello 30785Hello 10041Hello 1291Hello 8508Hello 42332Hello 31731Hello 16167Hello 19815Hello 41767Hello 36720Hello 24241Hello 35337Hello 18334Hello 45154Hello 63330Hello 29042Hello 37337Hello 37303Hello 33334Hello 13791Hello 41370Hello 18032Hello 35593Hello 52119Hello 34293Hello 60621Hello 5124Hello 41808Hello 23974Hello 38780Hello 48648Hello 8241Hello 922Hello 53672Hello 64649Hello 42879Hello 63204Hello 4433Hello 55193Hello 10242Hello 54114Hello 12450Hello 16947Hello 34133Hello 61796Hello 60185Hello 42970Hello 6088Hello 53223Hello 22723Hello 24349Hello 24952Hello 22512Hello 28624Hello 231Hello 18271Hello 5204Hello 56900Hello 44758Hello 25212Hello 21265Hello 15083Hello 20136Hello 26213Hello 29570Hello 31695Hello 23060Hello 31851Hello 32743Hello 10684Hello 26602Hello 44265Hello 60264Hello 47196Hello 31170Hello 49238Hello 42801Hello 37881Hello 7891Hello 31906Hello 56426Hello 7895Hello 5480Hello 64938Hello 15342Hello 24036Hello 43254Hello 20965Hello 47500Hello 64058Hello 35007Hello 52558Hello 29625Hello 40694Hello 844Hello 31570Hello 15946Hello 36995Hello 64459Hello 60337Hello 60700Hello 33607Hello 35385Hello 43127Hello 54151Hello 50956Hello 38910Hello 53607Hello 59759Hello 42932Hello 23483Hello 10343Hello 35075Hello 23753Hello 43922Hello 25084Hello 26137Hello 61053Hello 41862Hello 12956Hello 39756Hello 36133Hello 25954Hello 772Hello 30433Hello 23968Hello 64702Hello 14333Hello 38443Hello 49499Hello 4660Hello 16422Hello 34152Hello 24534Hello 22068Hello 8909Hello 50275Hello 52258Hello 50415Hello 41951Hello 27357Hello 36616Hello 17631Hello 11828Hello 54144Hello 51763Hello 52188Hello 2816Hello 65215Hello 1359Hello 17022Hello 30838Hello 35977Hello 19935Hello 16141Hello 17558Hello 3335Hello 32026Hello 11073Hello 17197Hello 33692Hello 23256Hello 8623Hello 63004Hello 25793Hello 18471Hello 59190Hello 8301Hello 63400Hello 13558Hello 55081Hello 44678Hello 48676Hello 25383Hello 41710Hello 31460Hello 49964Hello 45010Hello 33099Hello 55772Hello 42858Hello 44790Hello 61733Hello 23942Hello 58687Hello 42467Hello 5765Hello 3354Hello 36308Hello 58654Hello 29623Hello 60192Hello 34Hello 35912Hello 41155Hello 39594Hello 41186Hello 49094Hello 12158Hello 29026Hello 14133Hello 8538Hello 10012Hello 26948Hello 32669Hello 43602Hello 10102Hello 3964Hello 24412Hello 21276Hello 5278Hello 19010Hello 18417Hello 182Hello 29837Hello 23151Hello 45639Hello 16634Hello 61200Hello 44107Hello 7094Hello 5244Hello 26197Hello 19461Hello 59566Hello 39955Hello 6620Hello 6151Hello 32260Hello 32198Hello 56699Hello 30823Hello 26730Hello 31056Hello 43327Hello 17557Hello 21335Hello 54157Hello 54172Hello 687Hello 8365Hello 21423Hello 18099Hello 55714Hello 63719Hello 18685Hello 22715Hello 19992Hello 58590Hello 13972Hello 34620Hello 35900Hello 20306Hello 30547Hello 59669Hello 14677Hello 50175Hello 56707Hello 21868Hello 14013Hello 64252Hello 21882Hello 48642Hello 56711Hello 1271Hello 40716Hello 37276Hello 46432Hello 52641Hello 20204Hello 22303Hello 26111Hello 40882Hello 5443Hello 26115Hello 4217Hello 43623Hello 61891Hello 38993Hello 8851Hello 29768Hello 35670Hello 28190Hello 65431Hello 12789Hello 43520Hello 48568Hello 38106Hello 40838Hello 6835Hello 5188Hello 14342Hello 37351Hello 57642Hello 64767Hello 22760Hello 13814Hello 4828Hello 1243Hello 33164Hello 29115Hello 56563Hello 52059Hello 53365Hello 65284Hello 28286Hello 55727Hello 24166Hello 46112Hello 24355Hello 37739Hello 18887Hello 34564Hello 30510Hello 52974Hello 25074Hello 46119Hello 30774Hello 34002Hello 53706Hello 42463Hello 7462Hello 60149Hello 23236Hello 59175Hello 4184Hello 52714Hello 17824Hello 51582Hello 9616Hello 41369Hello 28285Hello 49474Hello 25851Hello 22781Hello 63438Hello 26698Hello 56377Hello 51595Hello 29646Hello 57719Hello 30201Hello 20766Hello 7922Hello 44182Hello 63019Hello 7398Hello 34336Hello 4117Hello 65057Hello 64935Hello 61821Hello 17330Hello 8958Hello 12836Hello 60137Hello 3595Hello 2072Hello 54896Hello 51960Hello 53739Hello 34118Hello 12123Hello 47279Hello 14885Hello 18196Hello 62057Hello 55464Hello 35531Hello 29564Hello 12083Hello 12240Hello 48152Hello 18279Hello 21983Hello 27813Hello 26034Hello 44275Hello 19259Hello 10213Hello 1996Hello 2834Hello 9711Hello 9582Hello 43916Hello 2123Hello 18603Hello 16938Hello 50462Hello 2235Hello 48469Hello 29104Hello 28288Hello 16821Hello 61303Hello 57221Hello 38964Hello 16101Hello 35541Hello 25038Hello 61248Hello 28644Hello 53495Hello 23745Hello 2282Hello 49042Hello 6972Hello 14224Hello 30420Hello 37903Hello 28395Hello 2996Hello 50577Hello 1001Hello 48750Hello 58754Hello 61255Hello 41185Hello 58198Hello 30553Hello 27010Hello 24892Hello 32461Hello 62128Hello 64433Hello 15404Hello 26565Hello 39212Hello 31631Hello 48917Hello 2869Hello 9815Hello 57118Hello 1103Hello 16280Hello 9317Hello 25327Hello 31379Hello 23079Hello 21308Hello 11821Hello 46358Hello 61563Hello 29293Hello 43401Hello 54973Hello 20322Hello 7294Hello 23473Hello 23268Hello 32132Hello 26089Hello 62214Hello 27985Hello 55442Hello 29312Hello 59547Hello 5511Hello 23825Hello 31050Hello 18629Hello 50529Hello 14022Hello 46291Hello 56664Hello 11673Hello 25831Hello 39431Hello 58818Hello 15057Hello 62564Hello 33782Hello 32945Hello 6856Hello 25919Hello 35867Hello 13689Hello 4115Hello 48478Hello 22975Hello 54403Hello 42718Hello 52283Hello 14754Hello 43273Hello 24138Hello 49885Hello 54299Hello 34833Hello 29818Hello 32818Hello 54185Hello 53172Hello 64404Hello 35019Hello 35613Hello 35690Hello 32035Hello 40096Hello 32235Hello 42111Hello 1366Hello 38877Hello 331Hello 3850Hello 1839Hello 51594Hello 46317Hello 54365Hello 21813Hello 45540Hello 29786Hello 57165Hello 35446Hello 9961Hello 27256Hello 42945Hello 22863Hello 54253Hello 41359Hello 6404Hello 802Hello 54295Hello 10031Hello 59636Hello 62315Hello 11440Hello 42694Hello 13925Hello 22272Hello 32391Hello 46887Hello 11860Hello 32370Hello 57334Hello 27621Hello 21224Hello 46125Hello 65229Hello 62452Hello 61194Hello 16736Hello 42699Hello 9437Hello 21685Hello 43360Hello 34753Hello 61727Hello 21241Hello 38587Hello 61967Hello 41323Hello 55222Hello 10342Hello 60629Hello 32188Hello 941Hello 53840Hello 3206Hello 22414Hello 51207Hello 1078Hello 29498Hello 35348Hello 14373Hello 19698Hello 35711Hello 7444Hello 41031Hello 3198Hello 48701Hello 25664Hello 29363Hello 46919Hello 7102Hello 51845Hello 40404Hello 30505Hello 18962Hello 4834Hello 46224Hello 30045Hello 17070Hello 7768Hello 4077Hello 48810Hello 24624Hello 22677Hello 26536Hello 56226Hello 25595Hello 2851Hello 38018Hello 37623Hello 65130Hello 20854Hello 49126Hello 46006Hello 16684Hello 49922Hello 39330Hello 37176Hello 57701Hello 52229Hello 58585Hello 18622Hello 32028Hello 17814Hello 8016Hello 17179Hello 43613Hello 14657Hello 34124Hello 57459Hello 35930Hello 36342Hello 48052Hello 47612Hello 31965Hello 65524Hello 61686Hello 46580Hello 57806Hello 23314Hello 30027Hello 28406Hello 52577Hello 33234Hello 33427Hello 51684Hello 8514Hello 58394Hello 18712Hello 49908Hello 23645Hello 26618Hello 15414Hello 21892Hello 64900Hello 28935Hello 45451Hello 11379Hello 25342Hello 10806Hello 32656Hello 21240Hello 12590Hello 53874Hello 42186Hello 62686Hello 14688Hello 14085Hello 20254Hello 16583Hello 52903Hello 3120Hello 64518Hello 27903Hello 8127Hello 57053Hello 39909Hello 35864Hello 13145Hello 45252Hello 11642Hello 9123Hello 60073Hello 2434Hello 47930Hello 37966Hello 54584Hello 27082Hello 23634Hello 65124Hello 55262Hello 53916Hello 17215Hello 30077Hello 59077Hello 6978Hello 40184Hello 51859Hello 54231Hello 15760Hello 27557Hello 9213Hello 54657Hello 15911Hello 3345Hello 65217Hello 35624Hello 34284Hello 55607Hello 27253Hello 16956Hello 53818Hello 54651Hello 14021Hello 48887Hello 23468Hello 32230Hello 45210Hello 65447Hello 64115Hello 44319Hello 54386Hello 39113Hello 43716Hello 8352Hello 15299Hello 17784Hello 30322Hello 6263Hello 31918Hello 4609Hello 56779Hello 44445Hello 28515Hello 62185Hello 6495Hello 32788Hello 371Hello 26334Hello 54499Hello 36106Hello 4756Hello 22651Hello 34655Hello 39950Hello 65255Hello 3423Hello 41075Hello 37141Hello 61559Hello 33988Hello 51525Hello 36327Hello 39484Hello 35336Hello 64777Hello 1072Hello 58355Hello 37369Hello 46152Hello 37911Hello 62929Hello 56452Hello 38037Hello 40958Hello 7880Hello 41661Hello 333Hello 14568Hello 56056Hello 28083Hello 14308Hello 20797Hello 43715Hello 12564Hello 47148Hello 17641Hello 22383Hello 3680Hello 8598Hello 55179Hello 3729Hello 53475Hello 13381Hello 44357Hello 34803Hello 20783Hello 8073Hello 38178Hello 64912Hello 10657Hello 23462Hello 20432Hello 28753Hello 64205Hello 50162Hello 10132Hello 46661Hello 2386Hello 60731Hello 47689Hello 26987Hello 13976Hello 57871Hello 57335Hello 38723Hello 40589Hello 62230Hello 32691Hello 41926Hello 28934Hello 52849Hello 63290Hello 12093Hello 36044Hello 45811Hello 20138Hello 29546Hello 37303Hello 7090Hello 46061Hello 35911Hello 16352Hello 48936Hello 697Hello 40664Hello 28730Hello 25027Hello 30511Hello 17517Hello 64659Hello 61227Hello 36574Hello 7087Hello 46180Hello 1922Hello 4975Hello 14001Hello 34225Hello 20828Hello 64019Hello 56981Hello 33586Hello 22604Hello 24924Hello 43264Hello 1085Hello 42547Hello 51871Hello 1459Hello 59639Hello 51890Hello 17660Hello 427Hello 49195Hello 54344Hello 65339Hello 34571Hello 34628Hello 60852Hello 7355Hello 8596Hello 24571Hello 30361Hello 56694Hello 26300Hello 62141Hello 18844Hello 59096Hello 47523Hello 26248Hello 19186Hello 47660Hello 63687Hello 22269Hello 4346Hello 49799Hello 42765Hello 3209Hello 14105Hello 33578Hello 17675Hello 63286Hello 51560Hello 14508Hello 2182Hello 30513Hello 4017Hello 4394Hello 58777Hello 59589Hello 39750Hello 671Hello 46772Hello 31895Hello 29879Hello 60752Hello 22256Hello 39644Hello 14052Hello 53692Hello 55969Hello 45240Hello 26663Hello 30793Hello 24442Hello 24515Hello 14474Hello 43281Hello 46106Hello 13172Hello 959Hello 42418Hello 18974Hello 61668Hello 37477Hello 50567Hello 23481Hello 54777Hello 11305Hello 65474Hello 19886Hello 62096Hello 40512Hello 23056Hello 18448Hello 34763Hello 26269Hello 25359Hello 16060Hello 13696Hello 35759Hello 723Hello 47186Hello 64410Hello 9766Hello 1826Hello 15700Hello 12894Hello 48189Hello 54146Hello 10069Hello 63223Hello 36124Hello 6124Hello 7117Hello 45407Hello 7105Hello 17240Hello 12015Hello 42667Hello 54411Hello 49622Hello 57276Hello 23451Hello 62128Hello 64557Hello 52907Hello 13154Hello 6525Hello 6264Hello 41214Hello 39548Hello 40129Hello 12043Hello 63179Hello 2589Hello 9114Hello 31716Hello 30628Hello 9777Hello 4080Hello 37707Hello 28215Hello 33303Hello 38661Hello 3558Hello 49586Hello 21504Hello 27133Hello 58310Hello 49685Hello 59699Hello 26542Hello 34465Hello 53434Hello 63021Hello 37075Hello 24979Hello 1677Hello 39295Hello 3129Hello 53476Hello 31384Hello 757Hello 36282Hello 47108Hello 36637Hello 37625Hello 40519Hello 24053Hello 20808Hello 54689Hello 1386Hello 7916Hello 26841Hello 16760Hello 61593Hello 1147Hello 27198Hello 64874Hello 44062Hello 35481Hello 47937Hello 52672Hello 34803Hello 58568Hello 28953Hello 32968Hello 25977Hello 46270Hello 7689Hello 18465Hello 48306Hello 30942Hello 37074Hello 46536Hello 52943Hello 7494Hello 51843Hello 12757Hello 41193Hello 7350Hello 25656Hello 42119Hello 64200Hello 33308Hello 8152Hello 33104Hello 13752Hello 46571Hello 58536Hello 32788Hello 3557Hello 31448Hello 43506Hello 51138Hello 22227Hello 63825Hello 15244Hello 48846Hello 26920Hello 49964Hello 55736Hello 31158Hello 61604Hello 13982Hello 25774Hello 53853Hello 62061Hello 29508Hello 18582Hello 48709Hello 10027Hello 53687Hello 7366Hello 50796Hello 60649Hello 35546Hello 53047Hello 18009Hello 55588Hello 37530Hello 49883Hello 9164Hello 50969Hello 47947Hello 9342Hello 22747Hello 32783Hello 29534Hello 45875Hello 48706Hello 17210Hello 30737Hello 1060Hello 14536Hello 24447Hello 32197Hello 449Hello 28706Hello 30366Hello 52463Hello 14982Hello 53996Hello 38420Hello 4256Hello 62051Hello 64162Hello 7214Hello 39092Hello 56457Hello 47682Hello 55201Hello 50046Hello 26105Hello 34436Hello 20551Hello 32983Hello 34125Hello 11587Hello 58689Hello 39755Hello 7884Hello 11811Hello 35867Hello 13241Hello 58502Hello 2937Hello 9088Hello 52436Hello 18964Hello 58114Hello 58115Hello 6112Hello 4561Hello 26119Hello 43064Hello 6667Hello 24171Hello 3902Hello 50291Hello 38316Hello 28628Hello 43691Hello 9710Hello 12442Hello 27126Hello 34341Hello 32394Hello 29621Hello 53655Hello 2691Hello 510Hello 57021Hello 52414Hello 22791Hello 57808Hello 25728Hello 43252Hello 63788Hello 42000Hello 49439Hello 44239Hello 60103Hello 4645Hello 37394Hello 29540Hello 29980Hello 40479Hello 35560Hello 19645Hello 37803Hello 50516Hello 43985Hello 65276Hello 32791Hello 44541Hello 8416Hello 29954Hello 19744Hello 46467Hello 63851Hello 21678Hello 56072Hello 298Hello 64525Hello 14306Hello 13204Hello 56792Hello 60256Hello 42428Hello 37313Hello 48139Hello 29115Hello 8149Hello 45814Hello 41660Hello 5359Hello 7634Hello 50601Hello 7708Hello 57362Hello 18037Hello 8910Hello 36488Hello 20217Hello 30302Hello 3171Hello 52033Hello 64180Hello 41851Hello 49352Hello 43574Hello 58100Hello 12123Hello 22747Hello 10099Hello 41264Hello 55260Hello 65088Hello 7386Hello 4731Hello 49271Hello 10769Hello 14268Hello 13585Hello 24391Hello 64661Hello 19834Hello 42609Hello 1906Hello 46318Hello 15400Hello 3305Hello 22502Hello 29663Hello 37118Hello 25771Hello 4926Hello 58600Hello 50069Hello 9498Hello 57675Hello 47907Hello 41247Hello 53738Hello 23073Hello 4320Hello 28276Hello 58201Hello 51501Hello 24712Hello 43237Hello 52Hello 58862Hello 38186Hello 47330Hello 11643Hello 37304Hello 58084Hello 64090Hello 2391Hello 10198Hello 14605Hello 64861Hello 14491Hello 19996Hello 49556Hello 4061Hello 6584Hello 49725Hello 29907Hello 41894Hello 1052Hello 49387Hello 54530Hello 29970Hello 51054Hello 62702Hello 11928Hello 50874Hello 28337Hello 39547Hello 42579Hello 6193Hello 5715Hello 24355Hello 24226Hello 29818Hello 23690Hello 49800Hello 6200Hello 16574Hello 22198Hello 6968Hello 56020Hello 22836Hello 41872Hello 12802Hello 46831Hello 52837Hello 16297Hello 50143Hello 5748Hello 46823Hello 32055Hello 49084Hello 49976Hello 15309Hello 44682Hello 6489Hello 46212Hello 29959Hello 11764Hello 35036Hello 7296Hello 40215Hello 60552Hello 18888Hello 6112Hello 64826Hello 48607Hello 30133Hello 50732Hello 49955Hello 40868Hello 22016Hello 37621Hello 54964Hello 2972Hello 27590Hello 12471Hello 3274Hello 56894Hello 51941Hello 8117Hello 53414Hello 22626Hello 60640Hello 25161Hello 22732Hello 21759Hello 9138Hello 22637Hello 32638Hello 31244Hello 13010Hello 1583Hello 909Hello 3874Hello 45235Hello 10527Hello 9558Hello 21025Hello 23321Hello 59856Hello 10553Hello 65435Hello 2046Hello 49581Hello 8229Hello 8981Hello 48363Hello 34676Hello 22199Hello 56038Hello 8240Hello 951Hello 22963Hello 48096Hello 4911Hello 8481Hello 11569Hello 55526Hello 53334Hello 26866Hello 45606Hello 23483Hello 13595Hello 25791Hello 25805Hello 13224Hello 12776Hello 21545Hello 12945Hello 21415Hello 65000Hello 37850Hello 39112Hello 2026Hello 29498Hello 34644Hello 45303Hello 31208Hello 24697Hello 58648Hello 34413Hello 4833Hello 63322Hello 64874Hello 18749Hello 33633Hello 18510Hello 55439Hello 33234Hello 52024Hello 21873Hello 20144Hello 4761Hello 45905Hello 13678Hello 5537Hello 43489Hello 49552Hello 313Hello 4972Hello 34984Hello 11552Hello 9243Hello 46584Hello 22184Hello 6326Hello 33905Hello 24132Hello 43519Hello 34239Hello 47645Hello 35545Hello 21938Hello 8730Hello 52635Hello 41011Hello 49485Hello 24657Hello 13556Hello 41697Hello 17512Hello 49238Hello 1932Hello 34623Hello 54427Hello 38005Hello 20544Hello 29243Hello 40961Hello 50725Hello 54482Hello 30005Hello 30580Hello 8132Hello 33223Hello 45694Hello 3902Hello 57965Hello 43119Hello 12104Hello 3712Hello 21899Hello 30125Hello 3382Hello 56030Hello 4006Hello 46249Hello 47057Hello 32832Hello 28792Hello 27419Hello 46748Hello 25159Hello 61560Hello 37659Hello 14961Hello 38498Hello 10397Hello 24370Hello 28454Hello 52301Hello 59625Hello 8063Hello 44728Hello 13643Hello 40771Hello 26704Hello 185Hello 46185Hello 48491Hello 31646Hello 46050Hello 65303Hello 10092Hello 36034Hello 18278Hello 2953Hello 9335Hello 13970Hello 56536Hello 12141Hello 65518Hello 12171Hello 24545Hello 17885Hello 49530Hello 30638Hello 7839Hello 19653Hello 11124Hello 33524Hello 32485Hello 36658Hello 31365Hello 29706Hello 8530Hello 7230Hello 8027Hello 49939Hello 45571Hello 44056Hello 29782Hello 41628Hello 58163Hello 33941Hello 55835Hello 33669Hello 859Hello 58132Hello 21821Hello 45798Hello 55266Hello 835Hello 40308Hello 15052Hello 51487Hello 439Hello 11273Hello 21514Hello 36557Hello 22244Hello 11044Hello 42806Hello 49876Hello 56843Hello 42577Hello 43881Hello 54866Hello 50703Hello 18066Hello 3856Hello 17384Hello 10171Hello 7018Hello 29026Hello 8183Hello 40979Hello 22705Hello 44383Hello 20976Hello 41496Hello 63447Hello 29392Hello 29380Hello 35930Hello 42497Hello 5325Hello 50096Hello 9128Hello 25130Hello 58918Hello 30091Hello 10372Hello 25316Hello 48485Hello 5108Hello 46573Hello 15689Hello 5134Hello 57592Hello 26054Hello 31961Hello 49387Hello 63885Hello 55522Hello 25044Hello 4926Hello 47577Hello 51982Hello 42287Hello 58604Hello 63506Hello 23398Hello 43931Hello 45468Hello 9583Hello 19653Hello 60097Hello 23366Hello 5794Hello 53128Hello 21433Hello 43898Hello 29554Hello 65398Hello 35077Hello 60841Hello 59802Hello 1469Hello 23810Hello 9007Hello 11221Hello 27145Hello 11416Hello 65067Hello 12661Hello 4989Hello 7787Hello 58886Hello 53580Hello 51630Hello 1380Hello 53073Hello 21555Hello 25861Hello 53073Hello 36595Hello 60227Hello 4979Hello 17408Hello 37306Hello 44764Hello 51297Hello 87Hello 5170Hello 3599Hello 8094Hello 4474Hello 19351Hello 34452Hello 28600Hello 26468Hello 47958Hello 42269Hello 21355Hello 50163Hello 38675Hello 32658Hello 33597Hello 52177Hello 47592Hello 30224Hello 48924Hello 20394Hello 43399Hello 28398Hello 27387Hello 47784Hello 44142Hello 42301Hello 51149Hello 9139Hello 13635Hello 5935Hello 17948Hello 43176Hello 45603Hello 14508Hello 59723Hello 5308Hello 12199Hello 717Hello 42792Hello 28825Hello 38514Hello 58157Hello 15500Hello 42919Hello 34062Hello 28594Hello 65238Hello 16292Hello 1717Hello 26179Hello 41500Hello 18999Hello 20975Hello 46876Hello 1436Hello 6147Hello 43489Hello 7496Hello 47669Hello 38203Hello 43787Hello 59858Hello 41734Hello 59442Hello 27510Hello 14499Hello 34268Hello 38101Hello 23091Hello 4090Hello 43279Hello 21653Hello 18647Hello 47207Hello 22209Hello 7378Hello 15919Hello 51151Hello 62836Hello 7470Hello 14355Hello 6546Hello 15813Hello 19985Hello 28918Hello 54891Hello 17936Hello 30448Hello 30280Hello 61451Hello 20352Hello 48899Hello 42635Hello 35680Hello 54537Hello 65393Hello 61265Hello 45668Hello 44228Hello 24664Hello 32249Hello 46893Hello 13269Hello 45882Hello 54530Hello 16747Hello 40345Hello 59644Hello 30881Hello 13704Hello 54858Hello 63448Hello 20570Hello 62553Hello 53029Hello 35701Hello 7953Hello 62844Hello 58277Hello 50710Hello 57905Hello 56401Hello 36705Hello 39098Hello 46038Hello 6536Hello 56546Hello 53780Hello 22069Hello 5340Hello 41586Hello 50627Hello 50722Hello 7710Hello 35081Hello 25448Hello 13362Hello 52549Hello 1025Hello 1329Hello 976Hello 34264Hello 23111Hello 23853Hello 16855Hello 36552Hello 46644Hello 39599Hello 8668Hello 9472Hello 58504Hello 30963Hello 29701Hello 52026Hello 31567Hello 24732Hello 37712Hello 29973Hello 1884Hello 38439Hello 9222Hello 36846Hello 56042Hello 45953Hello 26459Hello 47952Hello 16427Hello 59393Hello 45674Hello 50977Hello 15355Hello 16024Hello 2511Hello 46624Hello 49936Hello 13858Hello 13638Hello 3464Hello 55923Hello 11707Hello 12231Hello 40027Hello 4775Hello 32829Hello 52402Hello 43228Hello 20983Hello 16393Hello 41619Hello 5479Hello 627Hello 20217Hello 50339Hello 2920Hello 34759Hello 13384Hello 9341Hello 65120Hello 46172Hello 38985Hello 2590Hello 59373Hello 14265Hello 2666Hello 39698Hello 38222Hello 55098Hello 63329Hello 7020Hello 64339Hello 36160Hello 24843Hello 46117Hello 9661Hello 51172Hello 33125Hello 17205Hello 26526Hello 17240Hello 16824Hello 41827Hello 17307Hello 9212Hello 22676Hello 4294Hello 34825Hello 13191Hello 55197Hello 62263Hello 53630Hello 19955Hello 25478Hello 52827Hello 43480Hello 45602Hello 53719Hello 13588Hello 34409Hello 2040Hello 38245Hello 58534Hello 39497Hello 37799Hello 6343Hello 52724Hello 10389Hello 16861Hello 15775Hello 36730Hello 31590Hello 3125Hello 37523Hello 61286Hello 8242Hello 30996Hello 55215Hello 34476Hello 17710Hello 22708Hello 18091Hello 62568Hello 37731Hello 19612Hello 43898Hello 9167Hello 28279Hello 12528Hello 35480Hello 25648Hello 45651Hello 62668Hello 55261Hello 32733Hello 31059Hello 1058Hello 44648Hello 46318Hello 63726Hello 42506Hello 16632Hello 40314Hello 1922Hello 30322Hello 63195Hello 51414Hello 51770Hello 3824Hello 20014Hello 9996Hello 29325Hello 41740Hello 11769Hello 48409Hello 6262Hello 5595Hello 42698Hello 29737Hello 42003Hello 6426Hello 25766Hello 46997Hello 14020Hello 35141Hello 5921Hello 27245Hello 12473Hello 52309Hello 38331Hello 63242Hello 45182Hello 59655Hello 53729Hello 52456Hello 22218Hello 61707Hello 44022Hello 47012Hello 5560Hello 480Hello 11127Hello 27237Hello 32769Hello 13235Hello 13377Hello 6465Hello 48946Hello 10291Hello 46659Hello 54812Hello 7318Hello 57031Hello 21441Hello 63130Hello 31156Hello 11773Hello 26944Hello 37253Hello 49128Hello 39902Hello 61447Hello 17234Hello 43409Hello 22572Hello 8484Hello 47851Hello 41041Hello 46910Hello 23944Hello 45526Hello 40326Hello 59622Hello 39716Hello 3774Hello 53981Hello 30975Hello 59912Hello 13884Hello 20501Hello 64399Hello 2363Hello 3532Hello 59518Hello 37397Hello 8134Hello 562Hello 27457Hello 13881Hello 25738Hello 34203Hello 6278Hello 25659Hello 5783Hello 43622Hello 32429Hello 35808Hello 43939Hello 11219Hello 6202Hello 48805Hello 29077Hello 36348Hello 3758Hello 37116Hello 27934Hello 50310Hello 6811Hello 11347Hello 12721Hello 62270Hello 54187Hello 43781Hello 35710Hello 13556Hello 58553Hello 1558Hello 53016Hello 18485Hello 35082Hello 62217Hello 39781Hello 57373Hello 63897Hello 27809Hello 15860Hello 1281Hello 28214Hello 30955Hello 48154Hello 20352Hello 1926Hello 57848Hello 13643Hello 36954Hello 51065Hello 59692Hello 54905Hello 50348Hello 24049Hello 9661Hello 47644Hello 52398Hello 43034Hello 37957Hello 62919Hello 9031Hello 30823Hello 43085Hello 60936Hello 36799Hello 42433Hello 33026Hello 25546Hello 48502Hello 42037Hello 33656Hello 17161Hello 38295Hello 50935Hello 25985Hello 49782Hello 21820Hello 31684Hello 30176Hello 13335Hello 21120Hello 49753Hello 46898Hello 25507Hello 57524Hello 1579Hello 49861Hello 61899Hello 40055Hello 22448Hello 50976Hello 64137Hello 25225Hello 45143Hello 56220Hello 62402Hello 12918Hello 45415Hello 26646Hello 53902Hello 46344Hello 54640Hello 32911Hello 9004Hello 13709Hello 43822Hello 28926Hello 42359Hello 1831Hello 60938Hello 7342Hello 36303Hello 57789Hello 33655Hello 59100Hello 17698Hello 46652Hello 1991Hello 20547Hello 27518Hello 58019Hello 33560Hello 60646Hello 15619Hello 55308Hello 32915Hello 21861Hello 18624Hello 5639Hello 16536Hello 3790Hello 17407Hello 7598Hello 102Hello 58911Hello 52845Hello 7905Hello 63866Hello 7189Hello 23Hello 28879Hello 15864Hello 62151Hello 56037Hello 6877Hello 7237Hello 4728Hello 27733Hello 55435Hello 53324Hello 50469Hello 1919Hello 34755Hello 10172Hello 38919Hello 61544Hello 49679Hello 17542Hello 62662Hello 33734Hello 3612Hello 36425Hello 12455Hello 18313Hello 44844Hello 44240Hello 15288Hello 22434Hello 34783Hello 2686Hello 33862Hello 18755Hello 23494Hello 46083Hello 16196Hello 27577Hello 15834Hello 31022Hello 50256Hello 64269Hello 5761Hello 57837Hello 21105Hello 15599Hello 35235Hello 32272Hello 62125Hello 28327Hello 62618Hello 10978Hello 50886Hello 1573Hello 50523Hello 11694Hello 19199Hello 42502Hello 49918Hello 12026Hello 38710Hello 50646Hello 28114Hello 44065Hello 62933Hello 41669Hello 2221Hello 11758Hello 40220Hello 10781Hello 54591Hello 36355Hello 11269Hello 25138Hello 41255Hello 3186Hello 33940Hello 19852Hello 35131Hello 13522Hello 26703Hello 29330Hello 60085Hello 57633Hello 29319Hello 62063Hello 57616Hello 61626Hello 9317Hello 34270Hello 21123Hello 33763Hello 32603Hello 39570Hello 11711Hello 13159Hello 49915Hello 39981Hello 51766Hello 40407Hello 63282Hello 51020Hello 3772Hello 52571Hello 64815Hello 50666Hello 15985Hello 60156Hello 39076Hello 50590Hello 57544Hello 48932Hello 11456Hello 29910Hello 6179Hello 16455Hello 42167Hello 5374Hello 33836Hello 11539Hello 31414Hello 55231Hello 33963Hello 29299Hello 46004Hello 1602Hello 3899Hello 56938Hello 56040Hello 61310Hello 22567Hello 36196Hello 30040Hello 1892Hello 23623Hello 20694Hello 6065Hello 57854Hello 47074Hello 53923Hello 25225Hello 47708Hello 16625Hello 51731Hello 36544Hello 14341Hello 57418Hello 49572Hello 56564Hello 37784Hello 41369Hello 50210Hello 20926Hello 517Hello 61051Hello 46293Hello 58763Hello 25884Hello 13670Hello 2439Hello 49532Hello 777Hello 20374Hello 6886Hello 1159Hello 4073Hello 54323Hello 14981Hello 57218Hello 19367Hello 54399Hello 46792Hello 35601Hello 47016Hello 2924Hello 20598Hello 51031Hello 35241Hello 28924Hello 39009Hello 33386Hello 58898Hello 29672Hello 31687Hello 20068Hello 31682Hello 43509Hello 47811Hello 24363Hello 27627Hello 11091Hello 529Hello 46023Hello 38389Hello 56770Hello 13994Hello 12390Hello 58432Hello 57156Hello 7848Hello 22984Hello 11054Hello 30366Hello 54844Hello 8493Hello 37489Hello 14779Hello 44195Hello 49980Hello 31767Hello 24460Hello 37381Hello 35291Hello 41914Hello 20452Hello 16128Hello 58628Hello 51226Hello 53276Hello 59666Hello 9154Hello 13640Hello 23336Hello 62415Hello 7899Hello 24237Hello 35549Hello 50133Hello 61918Hello 14572Hello 35601Hello 18409Hello 35609Hello 63374Hello 2451Hello 13572Hello 9687Hello 64332Hello 20598Hello 13082Hello 15247Hello 31082Hello 15461Hello 59961Hello 20117Hello 42604Hello 2015Hello 51462Hello 31728Hello 62816Hello 9792Hello 2274Hello 29654Hello 25669Hello 1861Hello 3067Hello 34019Hello 27225Hello 9363Hello 52040Hello 45770Hello 65263Hello 49843Hello 43833Hello 38603Hello 56368Hello 23839Hello 39109Hello 1785Hello 36487Hello 20458Hello 21591Hello 9209Hello 32176Hello 16141Hello 29181Hello 64456Hello 62165Hello 41302Hello 22869Hello 13939Hello 25380Hello 57202Hello 43063Hello 31493Hello 34257Hello 21953Hello 81Hello 11213Hello 58231Hello 3984Hello 44137Hello 47638Hello 58878Hello 51567Hello 61099Hello 12060Hello 50720Hello 56995Hello 28619Hello 14384Hello 41512Hello 22829Hello 27275Hello 28918Hello 16432Hello 20384Hello 12153Hello 15583Hello 8910Hello 15025Hello 22930Hello 3741Hello 15252Hello 43986Hello 25449Hello 44906Hello 54068Hello 41447Hello 65189Hello 46608Hello 63067Hello 46571Hello 27019Hello 16886Hello 60724Hello 27100Hello 326Hello 39658Hello 9663Hello 60951Hello 41262Hello 35389Hello 58741Hello 39845Hello 42958Hello 5255Hello 5806Hello 17572Hello 40595Hello 56745Hello 39659Hello 44813Hello 20216Hello 37621Hello 12231Hello 5236Hello 2861Hello 48529Hello 649Hello 11597Hello 64888Hello 18981Hello 39263Hello 23729Hello 30813Hello 59087Hello 30384Hello 23375Hello 32700Hello 20306Hello 55605Hello 55083Hello 20056Hello 59303Hello 38212Hello 43717Hello 47079Hello 34241Hello 45173Hello 18759Hello 6100Hello 2691Hello 9852Hello 27152Hello 11043Hello 36992Hello 32934Hello 5954Hello 47192Hello 34495Hello 8411Hello 35026Hello 14919Hello 34526Hello 6464Hello 9085Hello 18031Hello 8395Hello 4544Hello 49284Hello 22447Hello 8272Hello 61178Hello 817Hello 60345Hello 48751Hello 33731Hello 26137Hello 48866Hello 30938Hello 23242Hello 6774Hello 22408Hello 52804Hello 22167Hello 60332Hello 65307Hello 8909Hello 36254Hello 62957Hello 15461Hello 47995Hello 8262Hello 37195Hello 34147Hello 53103Hello 32239Hello 48381Hello 65169Hello 48933Hello 42925Hello 22594Hello 29226Hello 8877Hello 57666Hello 11009Hello 12013Hello 63114Hello 34139Hello 27945Hello 6335Hello 5726Hello 43193Hello 11376Hello 37039Hello 6103Hello 46826Hello 6000Hello 24370Hello 41931Hello 36885Hello 53951Hello 65311Hello 44281Hello 39877Hello 39246Hello 52393Hello 48468Hello 3704Hello 46058Hello 18994Hello 40561Hello 11763Hello 18572Hello 10686Hello 48797Hello 36579Hello 8677Hello 42134Hello 12408Hello 57032Hello 24059Hello 57574Hello 61103Hello 44544Hello 55271Hello 1436Hello 12594Hello 59489Hello 44492Hello 6989Hello 34683Hello 5533Hello 47955Hello 20640Hello 48010Hello 45071Hello 21898Hello 19274Hello 43768Hello 23190Hello 41667Hello 25737Hello 19072Hello 11555Hello 50879Hello 19288Hello 8505Hello 25530Hello 51586Hello 61256Hello 48607Hello 24004Hello 2364Hello 45326Hello 56473Hello 56576Hello 32871Hello 12155Hello 13636Hello 43531Hello 9410Hello 27047Hello 10046Hello 27389Hello 37895Hello 5402Hello 22566Hello 43811Hello 31575Hello 51680Hello 53171Hello 13989Hello 51449Hello 53907Hello 48113Hello 32804Hello 55196Hello 55219Hello 60595Hello 62395Hello 53684Hello 52147Hello 14883Hello 59882Hello 48603Hello 22116Hello 47061Hello 26567Hello 62180Hello 61744Hello 4609Hello 53581Hello 8757Hello 16499Hello 25216Hello 19584Hello 58243Hello 45500Hello 3570Hello 45277Hello 38070Hello 34812Hello 45465Hello 45795Hello 41052Hello 8001Hello 34352Hello 15494Hello 52281Hello 16599Hello 51992Hello 48294Hello 40311Hello 19738Hello 63521Hello 16824Hello 54363Hello 39468Hello 13084Hello 61330Hello 44557Hello 23651Hello 56297Hello 24049Hello 12114Hello 57779Hello 37069Hello 44521Hello 63854Hello 13348Hello 25065Hello 34243Hello 49842Hello 56682Hello 37873Hello 43384Hello 53905Hello 7941Hello 55052Hello 31231Hello 42486Hello 44448Hello 33295Hello 30415Hello 2872Hello 52578Hello 27879Hello 11380Hello 27853Hello 16205Hello 54424Hello 43124Hello 31297Hello 45591Hello 55435Hello 55047Hello 30652Hello 33537Hello 2764Hello 31565Hello 3078Hello 35876Hello 29321Hello 11539Hello 61523Hello 65363Hello 32148Hello 34458Hello 57250Hello 50429Hello 37734Hello 1627Hello 8709Hello 5510Hello 11827Hello 2333Hello 33620Hello 21905Hello 57545Hello 7635Hello 61203Hello 33515Hello 1605Hello 4223Hello 5393Hello 38751Hello 29396Hello 55352Hello 51585Hello 57455Hello 218Hello 48750Hello 44521Hello 23707Hello 180Hello 9603Hello 22334Hello 35588Hello 724Hello 29801Hello 37948Hello 21448Hello 63476Hello 25220Hello 41387Hello 46942Hello 422Hello 64795Hello 22531Hello 30336Hello 17250Hello 57840Hello 50649Hello 23851Hello 41783Hello 60157Hello 23841Hello 46819Hello 38646Hello 45542Hello 49669Hello 4584Hello 39001Hello 64993Hello 46143Hello 58681Hello 8403Hello 26783Hello 34951Hello 45653Hello 33913Hello 57781Hello 53878Hello 41662Hello 13277Hello 48858Hello 54761Hello 26815Hello 41068Hello 49165Hello 42090Hello 16009Hello 33027Hello 57339Hello 35122Hello 26905Hello 58823Hello 46705Hello 43595Hello 54301Hello 8130Hello 61099Hello 51002Hello 45656Hello 4900Hello 9876Hello 11110Hello 48948Hello 56950Hello 33120Hello 37459Hello 41110Hello 53013Hello 5286Hello 18405Hello 53857Hello 10624Hello 34413Hello 12360Hello 56200Hello 21568Hello 15536Hello 63487Hello 62428Hello 29386Hello 44787Hello 4588Hello 6951Hello 61868Hello 13999Hello 59379Hello 38075Hello 58919Hello 4004Hello 2510Hello 20995Hello 45457Hello 44525Hello 26462Hello 60912Hello 59796Hello 22348Hello 29001Hello 55344Hello 34946Hello 20698Hello 61451Hello 44984Hello 65272Hello 62833Hello 49063Hello 1964Hello 60380Hello 50645Hello 21518Hello 14920Hello 30893Hello 60661Hello 49298Hello 56113Hello 53495Hello 6065Hello 25440Hello 2028Hello 36713Hello 41136Hello 57205Hello 49847Hello 11713Hello 10064Hello 2060Hello 21304Hello 43347Hello 30454Hello 1138Hello 21428Hello 34969Hello 25803Hello 6384Hello 33687Hello 55439Hello 42700Hello 35088Hello 57785Hello 43452Hello 32812Hello 18326Hello 18531Hello 10046Hello 65098Hello 53383Hello 47941Hello 18530Hello 19245Hello 46668Hello 4045Hello 7199Hello 16864Hello 50711Hello 21880Hello 21627Hello 45109Hello 24285Hello 29548Hello 16212Hello 19600Hello 29885Hello 23177Hello 62774Hello 25681Hello 31392Hello 48924Hello 50823Hello 53360Hello 36931Hello 47412Hello 57883Hello 56212Hello 15365Hello 27700Hello 19611Hello 44928Hello 52614Hello 46935Hello 27972Hello 44054Hello 16441Hello 63111Hello 7192Hello 31424Hello 34443Hello 41934Hello 26621Hello 2464Hello 28071Hello 15865Hello 31052Hello 8855Hello 52653Hello 23798Hello 46667Hello 45843Hello 35067Hello 42556Hello 22955Hello 17175Hello 21706Hello 48329Hello 50725Hello 40497Hello 11498Hello 16157Hello 12420Hello 42701Hello 2934Hello 65495Hello 49996Hello 1787Hello 61615Hello 45400Hello 52184Hello 17780Hello 20223Hello 57934Hello 41714Hello 30109Hello 29421Hello 41227Hello 58910Hello 3306Hello 11814Hello 59798Hello 61134Hello 53482Hello 19027Hello 54129Hello 57676Hello 11196Hello 52018Hello 43536Hello 11631Hello 61122Hello 46947Hello 42089Hello 21576Hello 44353Hello 62336Hello 26638Hello 39290Hello 54482Hello 21372Hello 65016Hello 36335Hello 31749Hello 63583Hello 54995Hello 39986Hello 25422Hello 23497Hello 60173Hello 651Hello 40988Hello 3006Hello 64859Hello 19086Hello 47727Hello 53066Hello 26881Hello 14953Hello 27699Hello 15458Hello 27368Hello 54281Hello 50586Hello 19179Hello 22951Hello 17174Hello 53311Hello 30769Hello 21826Hello 33985Hello 736Hello 38904Hello 2551Hello 19934Hello 18598Hello 57317Hello 37229Hello 18541Hello 3104Hello 19976Hello 59105Hello 34900Hello 46466Hello 43085Hello 8675Hello 34975Hello 57779Hello 56762Hello 2403Hello 31372Hello 61564Hello 5817Hello 108Hello 64066Hello 25617Hello 31705Hello 34542Hello 63270Hello 55082Hello 41218Hello 21532Hello 26627Hello 58257Hello 6586Hello 42405Hello 50151Hello 12872Hello 37378Hello 21702Hello 58919Hello 9321Hello 50159Hello 4642Hello 22646Hello 15312Hello 46246Hello 15662Hello 35332Hello 15665Hello 57507Hello 58072Hello 37070Hello 27932Hello 50255Hello 58580Hello 55960Hello 56208Hello 23948Hello 37660Hello 16185Hello 9349Hello 64252Hello 40985Hello 2700Hello 22429Hello 41711Hello 32906Hello 11393Hello 22193Hello 44914Hello 7490Hello 28769Hello 32892Hello 46975Hello 15256Hello 23409Hello 10411Hello 50837Hello 32546Hello 41531Hello 34582Hello 60537Hello 44845Hello 5149Hello 57321Hello 49071Hello 43960Hello 38384Hello 31939Hello 40569Hello 34656Hello 49982Hello 63733Hello 55980Hello 30060Hello 13441Hello 13473Hello 58268Hello 53626Hello 3687Hello 58263Hello 39200Hello 64227Hello 58996Hello 50419Hello 26457Hello 2887Hello 52426Hello 23005Hello 25836Hello 61137Hello 2482Hello 49923Hello 18430Hello 29199Hello 55071Hello 41512Hello 10557Hello 57073Hello 16509Hello 54190Hello 7448Hello 30375Hello 10963Hello 46825Hello 15629Hello 47431Hello 39747Hello 57857Hello 37684Hello 62459Hello 40792Hello 50620Hello 59863Hello 20775Hello 31547Hello 54079Hello 17702Hello 31049Hello 52256Hello 60191Hello 679Hello 32624Hello 22946Hello 45014Hello 20963Hello 12813Hello 23104Hello 18796Hello 44772Hello 8201Hello 20195Hello 41857Hello 8801Hello 14138Hello 20261Hello 19568Hello 27877Hello 51291Hello 49381Hello 7551Hello 24475Hello 53492Hello 58742Hello 26831Hello 35217Hello 23166Hello 57619Hello 33807Hello 32169Hello 13223Hello 7688Hello 45686Hello 5573Hello 39959Hello 33756Hello 36854Hello 21853Hello 31403Hello 37898Hello 22769Hello 2684Hello 27167Hello 29527Hello 54560Hello 26070Hello 16225Hello 36244Hello 13489Hello 58159Hello 24074Hello 7768Hello 28318Hello 30377Hello 53252Hello 4139Hello 27211Hello 28609Hello 52574Hello 59695Hello 18369Hello 45536Hello 32321Hello 18404Hello 42218Hello 59Hello 36196Hello 44828Hello 45442Hello 15730Hello 33248Hello 24320Hello 40687Hello 9094Hello 2413Hello 48715Hello 38052Hello 13369Hello 36844Hello 13801Hello 9318Hello 39501Hello 5346Hello 8650Hello 23652Hello 51093Hello 5329Hello 39513Hello 43256Hello 56789Hello 4164Hello 46086Hello 14066Hello 46584Hello 24936Hello 17495Hello 50929Hello 8172Hello 17922Hello 14448Hello 3928Hello 57880Hello 37727Hello 1602Hello 5317Hello 40944Hello 30512Hello 23525Hello 36703Hello 43807Hello 59530Hello 62763Hello 5461Hello 6912Hello 14887Hello 57751Hello 65288Hello 38608Hello 32908Hello 46973Hello 45451Hello 2175Hello 17062Hello 39126Hello 57925Hello 54918Hello 63968Hello 64755Hello 17801Hello 11126Hello 3231Hello 23942Hello 58636Hello 61798Hello 40904Hello 28119Hello 41882Hello 47813Hello 14904Hello 35475Hello 51883Hello 8727Hello 26728Hello 28726Hello 40170Hello 65188Hello 49281Hello 23209Hello 64262Hello 44562Hello 2492Hello 33317Hello 11931Hello 52353Hello 14370Hello 2083Hello 26163Hello 38509Hello 9794Hello 8432Hello 41310Hello 45967Hello 44949Hello 60291Hello 14691Hello 22075Hello 64377Hello 15883Hello 48251Hello 20109Hello 28871Hello 45976Hello 6398Hello 49205Hello 26135Hello 48735Hello 13238Hello 62942Hello 30884Hello 16537Hello 23612Hello 45009Hello 62328Hello 37614Hello 45578Hello 37276Hello 37049Hello 15174Hello 2218Hello 44588Hello 23882Hello 30672Hello 62415Hello 23887Hello 42543Hello 15477Hello 42809Hello 7363Hello 37246Hello 19390Hello 61059Hello 31135Hello 10675Hello 60632Hello 318Hello 61703Hello 25729Hello 8880Hello 51347Hello 48523Hello 19191Hello 2108Hello 14915Hello 12819Hello 41264Hello 49917Hello 63828Hello 39827Hello 36812Hello 9148Hello 65149Hello 4487Hello 25822Hello 2649Hello 58590Hello 61834Hello 2556Hello 57527Hello 29126Hello 10522Hello 54334Hello 64645Hello 43449Hello 36838Hello 28529Hello 44287Hello 10438Hello 37900Hello 53650Hello 50831Hello 63572Hello 24807Hello 15976Hello 50814Hello 46017Hello 58621Hello 36172Hello 14809Hello 35777Hello 53075Hello 25783Hello 34706Hello 58118Hello 53873Hello 7558Hello 63746Hello 47902Hello 443Hello 61685Hello 56493Hello 63131Hello 47519Hello 6558Hello 47837Hello 27237Hello 8004Hello 21129Hello 36824Hello 27369Hello 2890Hello 37577Hello 45647Hello 269Hello 36992Hello 63507Hello 58733Hello 34855Hello 5607Hello 47498Hello 42417Hello 48866Hello 50983Hello 57647Hello 30242Hello 57173Hello 21019Hello 44974Hello 45265Hello 62631Hello 38128Hello 12551Hello 15240Hello 20705 sul topic: mqttsn/sample
testPublishBigPayload.tearDown()
]]></system-out>
  </testcase>
  <testcase name="testConnectDisconnect0" classname="io.github.marcoratto.junit.mqttsn.TestPublisher" time="1.335">
    <system-out><![CDATA[testConnectDisconnect0.setUp()
io.github.marcoratto.junit.mqttsn.TestPublisher.testConnectDisconnect0()
WillTopicListener(): Ricevuto payload: offline sul topic: mqttsn/status
testConnectDisconnect0.tearDown()
]]></system-out>
  </testcase>
  <testcase name="testPublishTopicPredefinedQosN1" classname="io.github.marcoratto.junit.mqttsn.TestPublisher" time="1.332">
    <system-out><![CDATA[testPublishTopicPredefinedQosN1.setUp()
WillTopicListener(): Ricevuto payload: offline sul topic: mqttsn/status
io.github.marcoratto.junit.mqttsn.TestPublisher.testPublishTopicPredefinedQosN1()
TopicListener(): Ricevuto payload: Hello 17741 sul topic: mqttsn/test/predefined_pub
testPublishTopicPredefinedQosN1.tearDown()
]]></system-out>
  </testcase>
</testsuite>