<?xml version="1.0" encoding="UTF-8"?>
<testsuite xmlns:xsi="http://www.w3.org/2001/XMLSchema-instance" xsi:noNamespaceSchemaLocation="https://maven.apache.org/surefire/maven-surefire-plugin/xsd/surefire-test-report-3.0.xsd" version="3.0" name="io.github.marcoratto.junit.mqttsn.TestSubscriber" time="53.427" tests="12" errors="0" skipped="0" failures="0">
  <properties>
[...]
</properties>
  <testcase name="testSubscribeWildcards" classname="io.github.marcoratto.junit.mqttsn.TestSubscriber" time="1.849">
    <system-out><![CDATA[testSubscribeWildcards.setUp()
io.github.marcoratto.junit.mqttsn.TestSubscriber.testSubscribeWildcards()
2025-11-06 16:18:46,044 [main] WARN  io.github.marcoratto.mqttsn.MqttSnClient - Listener for topic name not found. Search by Topic ID
Ricevuto payload: offline
2025-11-06 16:18:46,051 [main] WARN  io.github.marcoratto.mqttsn.MqttSnClient - Listener for topic name not found. Search by Topic ID
Ricevuto payload: offline
2025-11-06 16:18:46,054 [main] WARN  io.github.marcoratto.mqttsn.MqttSnClient - Listener for topic name not found. Search by Topic ID
Ricevuto payload: Hello 46573
Ricevuto payload: Hello 46573
2025-11-06 16:18:46,564 [main] WARN  io.github.marcoratto.mqttsn.MqttSnClient - Listener for topic name not found. Search by Topic ID
Ricevuto payload: Hello 46573
Ricevuto payload: Hello 46573
2025-11-06 16:18:46,568 [main] WARN  io.github.marcoratto.mqttsn.MqttSnClient - Listener for topic name not found. Search by Topic ID
Ricevuto payload: Hello 2323
Ricevuto payload: Hello 2323
2025-11-06 16:18:47,078 [main] WARN  io.github.marcoratto.mqttsn.MqttSnClient - Listener for topic name not found. Search by Topic ID
Ricevuto payload: Hello 2323
Ricevuto payload: Hello 2323
2025-11-06 16:18:47,083 [main] WARN  io.github.marcoratto.mqttsn.MqttSnClient - Listener for topic name not found. Search by Topic ID
Ricevuto payload: Hello 8122
Ricevuto payload: Hello 8122
2025-11-06 16:18:47,085 [main] WARN  io.github.marcoratto.mqttsn.MqttSnClient - Was expecting 'DISCONNECT' packet but received: PUBLISH
testSubscribeWildcards.tearDown()
]]></system-out>
  </testcase>
  <testcase name="testSubscribeBigPayload" classname="io.github.marcoratto.junit.mqttsn.TestSubscriber" time="0.844">
    <system-out><![CDATA[testSubscribeBigPayload.setUp()
io.github.marcoratto.junit.mqttsn.TestSubscriber.testSubscribeBigPayload()
Ricevuto payload: Hello 49796Hello 10446Hello 22504Hello 36700Hello 4962Hello 30Hello 35021Hello 48299Hello 61803Hello 58946
testSubscribeBigPayload.tearDown()
]]></system-out>
  </testcase>
  <testcase name="testSubscribeMultipleLongTopicQos1" classname="io.github.marcoratto.junit.mqttsn.TestSubscriber" time="0.357">
    <system-out><![CDATA[testSubscribeMultipleLongTopicQos1.setUp()
io.github.marcoratto.junit.mqttsn.TestSubscriber.testSubscribeMultipleLongTopicQos1()
Ricevuto payload: Hello 46438
Ricevuto payload: Hello 53207
Ricevuto payload: Hello 48233
testSubscribeMultipleLongTopicQos1.tearDown()
]]></system-out>
  </testcase>
  <testcase name="testSubscribeShortTopic" classname="io.github.marcoratto.junit.mqttsn.TestSubscriber" time="1.334">
    <system-out><![CDATA[testSubscribeShortTopic.setUp()
io.github.marcoratto.junit.mqttsn.TestSubscriber.testSubscribeShortTopic()
Ricevuto payload: Hello 20812
testSubscribeShortTopic.tearDown()
]]></system-out>
  </testcase>
  <testcase name="testUnSubscribeShortTopic" classname="io.github.marcoratto.junit.mqttsn.TestSubscriber" time="1.334">
    <system-out><![CDATA[testUnSubscribeShortTopic.setUp()
io.github.marcoratto.junit.mqttsn.TestSubscriber.testUnSubscribeShortTopic()
testUnSubscribeShortTopic.tearDown()
]]></system-out>
  </testcase>
  <testcase name="testSubscribeNormalTopicQos0" classname="io.github.marcoratto.junit.mqttsn.TestSubscriber" time="0.333">
    <system-out><![CDATA[testSubscribeNormalTopicQos0.setUp()
io.github.marcoratto.junit.mqttsn.TestSubscriber.testSubscribeNormalTopicQos0()
Ricevuto payload: Hello 18627
testSubscribeNormalTopicQos0.tearDown()
]]></system-out>
  </testcase>
  <testcase name="testSubscribeNormalTopicQos1" classname="io.github.marcoratto.junit.mqttsn.TestSubscriber" time="0.333">
    <system-out><![CDATA[testSubscribeNormalTopicQos1.setUp()
io.github.marcoratto.junit.mqttsn.TestSubscriber.testSubscribeNormalTopicQos1()
Ricevuto payload: Hello 14672
testSubscribeNormalTopicQos1.tearDown()
]]></system-out>
  </testcase>
  <testcase name="testSubscribeNormalTopicQos2" classname="io.github.marcoratto.junit.mqttsn.TestSubscriber" time="0.332">
    <system-out><![CDATA[testSubscribeNormalTopicQos2.setUp()
io.github.marcoratto.junit.mqttsn.TestSubscriber.testSubscribeNormalTopicQos2()
Ricevuto payload: Hello 39048
testSubscribeNormalTopicQos2.tearDown()
]]></system-out>
  </testcase>
  <testcase name="testPing" classname="io.github.marcoratto.junit.mqttsn.TestSubscriber" time="42.56">
    <system-out><![CDATA[testPing.setUp()
io.github.marcoratto.junit.mqttsn.TestSubscriber.testPing()
2025-11-06 16:19:02,359 [main] WARN  io.github.marcoratto.mqttsn.MqttSnClient - Was expecting 'PUBLISH' packet but received: PINGRESP
2025-11-06 16:19:12,400 [main] WARN  io.github.marcoratto.mqttsn.MqttSnClient - Was expecting 'PUBLISH' packet but received: PINGRESP
2025-11-06 16:19:22,448 [main] WARN  io.github.marcoratto.mqttsn.MqttSnClient - Was expecting 'PUBLISH' packet but received: PINGRESP
2025-11-06 16:19:32,487 [main] WARN  io.github.marcoratto.mqttsn.MqttSnClient - Was expecting 'PUBLISH' packet but received: PINGRESP
Ricevuto payload: Hello 53305
testPing.tearDown()
]]></system-out>
  </testcase>
  <testcase name="testSubscribePredefinedTopic" classname="io.github.marcoratto.junit.mqttsn.TestSubscriber" time="1.475">
    <system-out><![CDATA[testSubscribePredefinedTopic.setUp()
io.github.marcoratto.junit.mqttsn.TestSubscriber.testSubscribeShortTopic()
Ricevuto payload: Hello 16131
testSubscribePredefinedTopic.tearDown()
]]></system-out>
  </testcase>
  <testcase name="testUnSubscribeNormalTopic" classname="io.github.marcoratto.junit.mqttsn.TestSubscriber" time="1.333">
    <system-out><![CDATA[testUnSubscribeNormalTopic.setUp()
io.github.marcoratto.junit.mqttsn.TestSubscriber.testUnSubscribeNormalTopic()
testUnSubscribeNormalTopic.tearDown()
]]></system-out>
  </testcase>
  <testcase name="testUnSubscribePredefinedTopic" classname="io.github.marcoratto.junit.mqttsn.TestSubscriber" time="1.337">
    <system-out><![CDATA[testUnSubscribePredefinedTopic.setUp()
io.github.marcoratto.junit.mqttsn.TestSubscriber.testUnSubscribeShortTopic()
testUnSubscribePredefinedTopic.tearDown()
]]></system-out>
  </testcase>
</testsuite>