<?xml version="1.0" encoding="UTF-8"?>
<testsuite xmlns:xsi="http://www.w3.org/2001/XMLSchema-instance" xsi:noNamespaceSchemaLocation="https://maven.apache.org/surefire/maven-surefire-plugin/xsd/surefire-test-report-3.0.xsd" version="3.0" name="io.github.marcoratto.junit.mqttsn.TestPublisher" time="28.045" tests="16" errors="0" skipped="0" failures="0">
  <properties>
[...]
</properties>
  <testcase name="testLWTUpdateMessage" classname="io.github.marcoratto.junit.mqttsn.TestPublisher" time="3.501">
    <system-out><![CDATA[testLWTUpdateMessage.setUp()
WillTopicListener(): Ricevuto payload: offline sul topic: mqttsn/status
io.github.marcoratto.junit.mqttsn.TestPublisher.testLWTUpdateMessage()
TopicListener(): Ricevuto payload: Hello 40478 sul topic: mqttsn/sample
testLWTUpdateMessage.tearDown()
WillTopicListener(): Ricevuto payload: off sul topic: mqttsn/status
]]></system-out>
    <system-err><![CDATA[SLF4J: No SLF4J providers were found.
SLF4J: Defaulting to no-operation (NOP) logger implementation
SLF4J: See https://www.slf4j.org/codes.html#noProviders for further details.
]]></system-err>
  </testcase>
  <testcase name="testSearchGateway" classname="io.github.marcoratto.junit.mqttsn.TestPublisher" time="0.832">
    <system-out><![CDATA[testSearchGateway.setUp()
WillTopicListener(): Ricevuto payload: off sul topic: mqttsn/status
io.github.marcoratto.junit.mqttsn.TestPublisher.testSearchGateway()
testSearchGateway.tearDown()
]]></system-out>
  </testcase>
  <testcase name="testLWT1" classname="io.github.marcoratto.junit.mqttsn.TestPublisher" time="1.342">
    <system-out><![CDATA[testLWT1.setUp()
WillTopicListener(): Ricevuto payload: off sul topic: mqttsn/status
io.github.marcoratto.junit.mqttsn.TestPublisher.testLWT1()
TopicListener(): Ricevuto payload: Hello 31411 sul topic: mqttsn/sample
testLWT1.tearDown()
]]></system-out>
  </testcase>
  <testcase name="testLWT2" classname="io.github.marcoratto.junit.mqttsn.TestPublisher" time="1.435">
    <system-out><![CDATA[testLWT2.setUp()
WillTopicListener(): Ricevuto payload: offline sul topic: mqttsn/status
io.github.marcoratto.junit.mqttsn.TestPublisher.testLWT2()
TopicListener(): Ricevuto payload: Hello 32387 sul topic: mqttsn/sample
testLWT2.tearDown()
]]></system-out>
  </testcase>
  <testcase name="testLWTUpdateTopic" classname="io.github.marcoratto.junit.mqttsn.TestPublisher" time="3.385">
    <system-out><![CDATA[testLWTUpdateTopic.setUp()
io.github.marcoratto.junit.mqttsn.TestPublisher.testLWTUpdateTopic()
WillTopicListener(): Ricevuto payload: offline sul topic: mqttsn/status
TopicListener(): Ricevuto payload: Hello 53360 sul topic: mqttsn/sample
testLWTUpdateTopic.tearDown()
]]></system-out>
  </testcase>
  <testcase name="testPublishTopicPredefined_Qos_N1" classname="io.github.marcoratto.junit.mqttsn.TestPublisher" time="1.329">
    <system-out><![CDATA[testPublishTopicPredefined_Qos_N1.setUp()
WillTopicListener(): Ricevuto payload: offline sul topic: mqttsn/status
io.github.marcoratto.junit.mqttsn.TestPublisher.testPublishTopicPredefined_Qos_N1()
TopicListener(): Ricevuto payload: Hello 39730 sul topic: mqttsn/test/predefined_pub
testPublishTopicPredefined_Qos_N1.tearDown()
]]></system-out>
  </testcase>
  <testcase name="testClientIdNull" classname="io.github.marcoratto.junit.mqttsn.TestPublisher" time="1.449">
    <system-out><![CDATA[testClientIdNull.setUp()
io.github.marcoratto.junit.mqttsn.TestPublisher.testClientIdNull()
WillTopicListener(): Ricevuto payload: offline sul topic: mqttsn/status
TopicListener(): Ricevuto payload: Hello 33238 sul topic: mqttsn/test/predefined_pub
testClientIdNull.tearDown()
]]></system-out>
  </testcase>
  <testcase name="testPublishLongTopicQos0" classname="io.github.marcoratto.junit.mqttsn.TestPublisher" time="1.333">
    <system-out><![CDATA[testPublishLongTopicQos0.setUp()
WillTopicListener(): Ricevuto payload: offline sul topic: mqttsn/status
io.github.marcoratto.junit.mqttsn.TestPublisher.testPublishLongTopicQos0()
TopicListener(): Ricevuto payload: Hello 65044 sul topic: mqttsn/sample
testPublishLongTopicQos0.tearDown()
]]></system-out>
  </testcase>
  <testcase name="testPublishLongTopicQos1" classname="io.github.marcoratto.junit.mqttsn.TestPublisher" time="1.345">
    <system-out><![CDATA[testPublishLongTopicQos1.setUp()
WillTopicListener(): Ricevuto payload: offline sul topic: mqttsn/status
io.github.marcoratto.junit.mqttsn.TestPublisher.testPublishLongTopicQos1()
TopicListener(): Ricevuto payload: Hello 58810 sul topic: mqttsn/sample
testPublishLongTopicQos1.tearDown()
]]></system-out>
  </testcase>
  <testcase name="testPublishLongTopicQos2" classname="io.github.marcoratto.junit.mqttsn.TestPublisher" time="0.332">
    <system-out><![CDATA[testPublishLongTopicQos2.setUp()
WillTopicListener(): Ricevuto payload: offline sul topic: mqttsn/status
io.github.marcoratto.junit.mqttsn.TestPublisher.testPublishLongTopicQos2()
testPublishLongTopicQos2.tearDown()
]]></system-out>
  </testcase>
  <testcase name="testPublishLongTopicTooLong" classname="io.github.marcoratto.junit.mqttsn.TestPublisher" time="0.378">
    <system-out><![CDATA[testPublishLongTopicTooLong.setUp()
io.github.marcoratto.junit.mqttsn.TestPublisher.testPublishLongTopicTooLong()
WillTopicListener(): Ricevuto payload: offline sul topic: mqttsn/status
testPublishLongTopicTooLong.tearDown()
]]></system-out>
  </testcase>
  <testcase name="testPublishShortTopicQosN1" classname="io.github.marcoratto.junit.mqttsn.TestPublisher" time="1.323">
    <system-out><![CDATA[testPublishShortTopicQosN1.setUp()
io.github.marcoratto.junit.mqttsn.TestPublisher.testPublishShortTopicQosN1()
WillTopicListener(): Ricevuto payload: offline sul topic: mqttsn/status
TopicListener(): Ricevuto payload: Hello 23561 sul topic: tt
testPublishShortTopicQosN1.tearDown()
]]></system-out>
  </testcase>
  <testcase name="testRegisterAndPublishLongTopic" classname="io.github.marcoratto.junit.mqttsn.TestPublisher" time="5.624">
    <system-out><![CDATA[testRegisterAndPublishLongTopic.setUp()
WillTopicListener(): Ricevuto payload: offline sul topic: mqttsn/status
io.github.marcoratto.junit.mqttsn.TestPublisher.testRegisterAndPublishLongTopic()
TopicListener(): Ricevuto payload: Hello 38945 sul topic: mqttsn/sample0
TopicListener(): Ricevuto payload: Hello 24110 sul topic: mqttsn/sample1
TopicListener(): Ricevuto payload: Hello 49509 sul topic: mqttsn/sample2
TopicListener(): Ricevuto payload: Hello 40246 sul topic: mqttsn/sample3
TopicListener(): Ricevuto payload: Hello 39539 sul topic: mqttsn/sample4
testRegisterAndPublishLongTopic.tearDown()
]]></system-out>
  </testcase>
  <testcase name="testPublishBigPayload" classname="io.github.marcoratto.junit.mqttsn.TestPublisher" time="1.616">
    <system-out><![CDATA[testPublishBigPayload.setUp()
WillTopicListener(): Ricevuto payload: offline sul topic: mqttsn/status
io.github.marcoratto.junit.mqttsn.TestPublisher.testPublishLongTopicQos1()
TopicListener(): Ricevuto payload: Hello 27840Hello 50800Hello 54389Hello 33434Hello 13824Hello 32475Hello 22008Hello 28085Hello 3536Hello 2093Hello 6000Hello 22866Hello 1933Hello 1471Hello 14002Hello 62261Hello 1414Hello 8732Hello 20555Hello 552Hello 31375Hello 34870Hello 24530Hello 59841Hello 16305Hello 6743Hello 27717Hello 49622Hello 49187Hello 21364Hello 43333Hello 45415Hello 33183Hello 60928Hello 40708Hello 31534Hello 61838Hello 53719Hello 62268Hello 321Hello 10706Hello 45070Hello 17360Hello 65309Hello 53769Hello 35537Hello 5577Hello 48835Hello 37278Hello 28739Hello 42086Hello 29034Hello 59296Hello 38374Hello 59053Hello 43427Hello 14862Hello 65127Hello 20809Hello 56848Hello 42189Hello 3653Hello 50822Hello 37879Hello 31706Hello 44712Hello 53018Hello 8208Hello 6618Hello 30993Hello 35741Hello 43838Hello 55198Hello 28859Hello 27132Hello 11616Hello 21778Hello 38399Hello 15513Hello 63755Hello 661Hello 20944Hello 26434Hello 47504Hello 28562Hello 42198Hello 60520Hello 41202Hello 61307Hello 32320Hello 65419Hello 15201Hello 26208Hello 51594Hello 40875Hello 26682Hello 33992Hello 30132Hello 22840Hello 17753Hello 6645Hello 3338Hello 53320Hello 5212Hello 43288Hello 55829Hello 21726Hello 53327Hello 38220Hello 13455Hello 51517Hello 50051Hello 38815Hello 32548Hello 61602Hello 4720Hello 60769Hello 28127Hello 63969Hello 64605Hello 65314Hello 50398Hello 31430Hello 5372Hello 39506Hello 51310Hello 9438Hello 53313Hello 44116Hello 36823Hello 64463Hello 45783Hello 7156Hello 25664Hello 38299Hello 64598Hello 17467Hello 15326Hello 25439Hello 15085Hello 999Hello 7557Hello 64848Hello 56807Hello 35577Hello 37429Hello 58359Hello 46655Hello 5829Hello 54452Hello 15310Hello 1119Hello 25290Hello 9866Hello 35562Hello 27233Hello 54829Hello 63489Hello 50976Hello 52439Hello 59884Hello 24679Hello 57372Hello 2740Hello 42441Hello 7639Hello 54912Hello 19883Hello 21678Hello 6391Hello 63574Hello 49654Hello 51850Hello 22513Hello 57568Hello 32374Hello 37992Hello 51372Hello 18931Hello 24152Hello 43985Hello 39395Hello 14226Hello 59054Hello 17897Hello 12832Hello 14382Hello 11517Hello 13865Hello 50940Hello 51120Hello 48243Hello 11169Hello 39270Hello 52652Hello 44363Hello 60432Hello 13962Hello 40946Hello 21347Hello 24307Hello 14859Hello 32344Hello 11903Hello 29312Hello 60240Hello 40477Hello 10566Hello 27734Hello 48807Hello 48708Hello 36807Hello 27353Hello 49649Hello 4257Hello 4786Hello 65535Hello 34008Hello 61475Hello 14775Hello 57085Hello 24353Hello 45518Hello 25056Hello 985Hello 6186Hello 11857Hello 64208Hello 17105Hello 46447Hello 140Hello 10165Hello 37683Hello 25045Hello 60726Hello 22731Hello 6776Hello 27831Hello 11253Hello 39388Hello 3304Hello 21790Hello 58673Hello 24195Hello 5079Hello 37722Hello 30728Hello 27116Hello 43585Hello 50012Hello 17997Hello 38654Hello 59009Hello 619Hello 35587Hello 10174Hello 27374Hello 23704Hello 56319Hello 52639Hello 11228Hello 65437Hello 9442Hello 42954Hello 54664Hello 18058Hello 33046Hello 19818Hello 50562Hello 39624Hello 5675Hello 10445Hello 19733Hello 33923Hello 52776Hello 22508Hello 36165Hello 44124Hello 38136Hello 3427Hello 62790Hello 33495Hello 64529Hello 19871Hello 41129Hello 54241Hello 2393Hello 28100Hello 34890Hello 56929Hello 10967Hello 50121Hello 28308Hello 24047Hello 20876Hello 43229Hello 41576Hello 63516Hello 46795Hello 38736Hello 24590Hello 29528Hello 7122Hello 31126Hello 42081Hello 45459Hello 52785Hello 40806Hello 50559Hello 57189Hello 51665Hello 36371Hello 17151Hello 56369Hello 9012Hello 40954Hello 39163Hello 32454Hello 34709Hello 34938Hello 1927Hello 11553Hello 57360Hello 38332Hello 29340Hello 63137Hello 24405Hello 58001Hello 50691Hello 7704Hello 1297Hello 36709Hello 37943Hello 46815Hello 5991Hello 22342Hello 46099Hello 28879Hello 38800Hello 60439Hello 60966Hello 58568Hello 34934Hello 3686Hello 16042Hello 15171Hello 62653Hello 50991Hello 20354Hello 45222Hello 36503Hello 62741Hello 32274Hello 22033Hello 27498Hello 2105Hello 51263Hello 12224Hello 39643Hello 51924Hello 20459Hello 60322Hello 26273Hello 25589Hello 50414Hello 7207Hello 32346Hello 56286Hello 35089Hello 61007Hello 5275Hello 26059Hello 24868Hello 55422Hello 9061Hello 6897Hello 65382Hello 1084Hello 65325Hello 13575Hello 44776Hello 33684Hello 2438Hello 42306Hello 36187Hello 50877Hello 32263Hello 27936Hello 50130Hello 8066Hello 59071Hello 43129Hello 59710Hello 11988Hello 3927Hello 36529Hello 33359Hello 7748Hello 62114Hello 27534Hello 3101Hello 50985Hello 39089Hello 64444Hello 584Hello 43272Hello 39237Hello 38521Hello 19383Hello 5732Hello 41620Hello 62673Hello 44206Hello 43084Hello 20274Hello 36984Hello 63500Hello 4043Hello 57114Hello 15454Hello 12229Hello 26239Hello 11697Hello 35646Hello 52507Hello 37666Hello 62396Hello 49065Hello 46515Hello 31106Hello 49332Hello 9807Hello 36294Hello 32595Hello 8004Hello 38378Hello 15659Hello 12738Hello 19400Hello 32918Hello 13976Hello 23652Hello 61243Hello 61186Hello 53586Hello 15858Hello 46184Hello 2204Hello 31313Hello 42721Hello 15179Hello 46290Hello 33898Hello 33247Hello 14043Hello 48580Hello 22798Hello 14285Hello 16977Hello 52587Hello 5713Hello 37792Hello 50047Hello 33930Hello 17213Hello 15736Hello 45183Hello 34503Hello 14038Hello 19191Hello 45520Hello 43402Hello 54032Hello 1108Hello 22183Hello 46828Hello 44139Hello 19053Hello 19210Hello 40976Hello 45742Hello 60812Hello 58349Hello 6841Hello 51211Hello 18332Hello 27942Hello 62020Hello 43146Hello 41752Hello 62969Hello 20673Hello 1059Hello 4593Hello 9826Hello 36073Hello 19629Hello 21087Hello 60534Hello 9003Hello 17507Hello 197Hello 13250Hello 46871Hello 3264Hello 50469Hello 49687Hello 45954Hello 34510Hello 36346Hello 7005Hello 55686Hello 58766Hello 8614Hello 30355Hello 18472Hello 26504Hello 34038Hello 11573Hello 58030Hello 13401Hello 36649Hello 37920Hello 2958Hello 19387Hello 26766Hello 32992Hello 33389Hello 11241Hello 873Hello 13253Hello 1459Hello 36451Hello 45484Hello 38909Hello 18444Hello 16039Hello 9624Hello 24831Hello 56754Hello 6661Hello 11331Hello 13711Hello 3997Hello 43510Hello 28871Hello 46569Hello 9645Hello 46751Hello 34362Hello 60372Hello 33910Hello 163Hello 36439Hello 24777Hello 41266Hello 64972Hello 49881Hello 12507Hello 61172Hello 47263Hello 1125Hello 37727Hello 60973Hello 53134Hello 61052Hello 11536Hello 61786Hello 58988Hello 10015Hello 56393Hello 34667Hello 54924Hello 3985Hello 15253Hello 20679Hello 32339Hello 18116Hello 46Hello 30184Hello 12395Hello 31388Hello 8288Hello 44374Hello 22621Hello 28069Hello 48144Hello 51903Hello 50515Hello 10472Hello 50271Hello 14940Hello 6019Hello 10386Hello 60015Hello 21414Hello 60960Hello 1747Hello 3424Hello 25543Hello 28557Hello 1744Hello 42921Hello 21322Hello 51533Hello 24040Hello 12802Hello 13586Hello 30193Hello 48283Hello 23531Hello 57891Hello 26457Hello 622Hello 18562Hello 53792Hello 41414Hello 62444Hello 14089Hello 24162Hello 12720Hello 29248Hello 60904Hello 20262Hello 56986Hello 61464Hello 18106Hello 54587Hello 45385Hello 23774Hello 22616Hello 49227Hello 52013Hello 23710Hello 31577Hello 32510Hello 13180Hello 41492Hello 39858Hello 6528Hello 31635Hello 57745Hello 28771Hello 53848Hello 21173Hello 27714Hello 12722Hello 51735Hello 63998Hello 579Hello 17057Hello 9175Hello 25952Hello 8596Hello 44105Hello 15343Hello 1836Hello 37289Hello 56810Hello 12579Hello 40108Hello 44204Hello 13554Hello 41930Hello 12674Hello 29442Hello 21356Hello 9892Hello 52020Hello 58760Hello 13334Hello 16769Hello 8579Hello 21037Hello 55380Hello 22458Hello 2445Hello 23839Hello 33146Hello 21392Hello 62966Hello 3888Hello 8782Hello 28884Hello 58763Hello 33080Hello 10420Hello 12073Hello 20416Hello 17017Hello 12484Hello 15343Hello 8547Hello 35697Hello 28648Hello 16291Hello 11750Hello 39700Hello 9732Hello 40644Hello 5080Hello 33244Hello 6494Hello 22873Hello 46281Hello 63083Hello 31052Hello 11123Hello 47796Hello 43944Hello 61402Hello 17655Hello 61042Hello 62823Hello 60612Hello 15636Hello 20639Hello 20407Hello 17266Hello 47767Hello 13614Hello 12200Hello 44661Hello 45825Hello 62375Hello 17852Hello 39345Hello 37021Hello 29686Hello 43824Hello 37147Hello 23763Hello 36253Hello 37286Hello 10839Hello 30386Hello 27764Hello 3077Hello 18315Hello 50778Hello 29927Hello 23518Hello 63015Hello 30009Hello 15948Hello 24096Hello 52159Hello 13894Hello 57161Hello 25794Hello 42829Hello 57253Hello 62864Hello 23287Hello 62030Hello 47428Hello 43640Hello 28417Hello 51884Hello 61752Hello 25860Hello 58751Hello 48302Hello 18111Hello 33862Hello 48208Hello 35549Hello 12662Hello 32768Hello 13394Hello 55885Hello 30379Hello 57379Hello 42880Hello 33390Hello 28919Hello 5275Hello 40499Hello 3644Hello 36214Hello 60844Hello 12746Hello 59434Hello 45513Hello 32551Hello 26411Hello 58740Hello 58007Hello 24727Hello 46655Hello 27183Hello 58579Hello 29546Hello 21230Hello 58491Hello 1996Hello 50714Hello 39523Hello 61341Hello 23019Hello 26170Hello 41301Hello 5780Hello 23025Hello 63158Hello 38906Hello 5383Hello 10444Hello 6974Hello 49046Hello 33944Hello 6194Hello 56412Hello 14441Hello 16860Hello 10806Hello 38232Hello 17376Hello 36735Hello 33133Hello 6746Hello 49017Hello 38218Hello 38227Hello 36184Hello 26515Hello 25626Hello 49781Hello 55504Hello 61410Hello 17109Hello 11989Hello 41839Hello 1083Hello 17087Hello 22795Hello 35606Hello 40614Hello 49431Hello 8880Hello 57524Hello 36154Hello 9005Hello 49351Hello 41092Hello 14716Hello 61443Hello 6314Hello 12178Hello 15131Hello 29175Hello 18133Hello 5687Hello 50267Hello 13242Hello 13794Hello 46952Hello 40701Hello 19416Hello 28079Hello 58993Hello 43953Hello 42046Hello 60144Hello 6089Hello 22348Hello 14557Hello 43169Hello 2340Hello 13962Hello 28572Hello 20650Hello 21432Hello 9074Hello 42310Hello 46296Hello 52874Hello 8369Hello 36004Hello 42099Hello 2475Hello 30514Hello 10404Hello 8655Hello 37941Hello 25441Hello 3512Hello 24131Hello 5694Hello 34014Hello 30260Hello 48379Hello 8443Hello 24829Hello 61458Hello 24779Hello 31810Hello 56702Hello 28303Hello 12693Hello 62773Hello 25433Hello 49039Hello 1059Hello 36999Hello 17816Hello 47079Hello 25211Hello 6170Hello 58872Hello 26492Hello 25652Hello 7736Hello 61473Hello 55216Hello 37680Hello 60899Hello 23041Hello 37030Hello 46247Hello 48315Hello 6200Hello 56671Hello 41382Hello 31291Hello 21657Hello 57815Hello 44096Hello 2596Hello 57780Hello 41480Hello 17459Hello 44396Hello 48027Hello 15384Hello 23186Hello 7554Hello 62010Hello 64Hello 62153Hello 24919Hello 22781Hello 350Hello 59609Hello 30362Hello 48434Hello 398Hello 26011Hello 21846Hello 62440Hello 1717Hello 27410Hello 45782Hello 12501Hello 51354Hello 62940Hello 5083Hello 64031Hello 65465Hello 27163Hello 51792Hello 65267Hello 42768Hello 26593Hello 26583Hello 5609Hello 14092Hello 16662Hello 60406Hello 63580Hello 59799Hello 61068Hello 11767Hello 19831Hello 7712Hello 28651Hello 58127Hello 45687Hello 27476Hello 1909Hello 11833Hello 35164Hello 6773Hello 20242Hello 46344Hello 32746Hello 37087Hello 34363Hello 62040Hello 13593Hello 10003Hello 27528Hello 13227Hello 14828Hello 29508Hello 20109Hello 4859Hello 9513Hello 22514Hello 63140Hello 14064Hello 61599Hello 9291Hello 15849Hello 29959Hello 32993Hello 14291Hello 2791Hello 65458Hello 65228Hello 30730Hello 8409Hello 47093Hello 405Hello 45666Hello 45407Hello 39185Hello 11511Hello 51202Hello 38518Hello 41961Hello 61342Hello 52371Hello 47483Hello 23833Hello 62633Hello 64954Hello 39339Hello 6594Hello 29743Hello 1177Hello 8944Hello 16043Hello 1359Hello 44854Hello 31715Hello 39578Hello 50807Hello 45442Hello 43611Hello 17082Hello 51934Hello 7441Hello 16540Hello 33400Hello 45160Hello 9256Hello 13929Hello 42738Hello 30963Hello 27921Hello 24244Hello 53231Hello 11766Hello 49524Hello 57229Hello 43884Hello 5787Hello 63057Hello 54430Hello 52299Hello 35331Hello 53234Hello 7578Hello 10643Hello 43079Hello 18256Hello 59343Hello 10674Hello 12428Hello 31286Hello 9994Hello 8292Hello 22060Hello 43241Hello 47986Hello 35273Hello 35206Hello 48489Hello 30153Hello 54523Hello 46499Hello 20124Hello 32443Hello 56358Hello 61408Hello 32617Hello 799Hello 15239Hello 16552Hello 34910Hello 46577Hello 64624Hello 27518Hello 16253Hello 3038Hello 11031Hello 26476Hello 10156Hello 62510Hello 7801Hello 36034Hello 25788Hello 24690Hello 21200Hello 43333Hello 33630Hello 23750Hello 31674Hello 60937Hello 29618Hello 28383Hello 55552Hello 25583Hello 14948Hello 50153Hello 31730Hello 58406Hello 29105Hello 49915Hello 65282Hello 49503Hello 61696Hello 62882Hello 33354Hello 33179Hello 39706Hello 12498Hello 133Hello 21838Hello 30894Hello 31574Hello 9680Hello 37459Hello 58313Hello 14224Hello 57681Hello 57717Hello 58150Hello 6210Hello 21800Hello 51786Hello 34193Hello 23524Hello 61479Hello 42557Hello 45688Hello 33777Hello 53671Hello 722Hello 4837Hello 22850Hello 50888Hello 31458Hello 25069Hello 19221Hello 2851Hello 15826Hello 7471Hello 50469Hello 30004Hello 62883Hello 54690Hello 25067Hello 44466Hello 53336Hello 20997Hello 57642Hello 30612Hello 26156Hello 27662Hello 45542Hello 15366Hello 22499Hello 24099Hello 43576Hello 59693Hello 23879Hello 33614Hello 46788Hello 53078Hello 54701Hello 50018Hello 31509Hello 24623Hello 33394Hello 45889Hello 32149Hello 43956Hello 51825Hello 65347Hello 63134Hello 56478Hello 46035Hello 55397Hello 10788Hello 37965Hello 27630Hello 11615Hello 39886Hello 56040Hello 20725Hello 5910Hello 60722Hello 48440Hello 58083Hello 14211Hello 30667Hello 34934Hello 43325Hello 2881Hello 35019Hello 31213Hello 60173Hello 34189Hello 41928Hello 10924Hello 7716Hello 14940Hello 3914Hello 33063Hello 54793Hello 26971Hello 35266Hello 56041Hello 57304Hello 52932Hello 16061Hello 64043Hello 54676Hello 54365Hello 64512Hello 56725Hello 2198Hello 29678Hello 15329Hello 14203Hello 15716Hello 53891Hello 60138Hello 45933Hello 28556Hello 378Hello 5015Hello 61491Hello 31534Hello 15802Hello 55662Hello 34031Hello 62693Hello 37937Hello 36013Hello 45575Hello 20246Hello 56612Hello 30840Hello 2827Hello 27060Hello 28773Hello 43365Hello 41269Hello 12220Hello 36740Hello 1971Hello 44341Hello 35265Hello 53736Hello 40993Hello 1041Hello 63163Hello 56586Hello 57051Hello 34702Hello 29215Hello 37210Hello 18209Hello 44858Hello 31884Hello 23058Hello 13315Hello 42196Hello 2469Hello 54275Hello 46068Hello 42237Hello 60294Hello 19203Hello 35931Hello 50365Hello 25126Hello 52494Hello 42163Hello 46217Hello 34972Hello 9385Hello 38472Hello 28115Hello 55021Hello 29402Hello 27585Hello 56353Hello 33600Hello 39195Hello 11550Hello 33253Hello 22733Hello 11735Hello 52253Hello 24515Hello 41395Hello 13181Hello 24946Hello 48858Hello 52935Hello 4184Hello 9336Hello 23712Hello 52648Hello 5568Hello 43439Hello 11503Hello 23685Hello 34250Hello 53894Hello 1851Hello 8753Hello 16259Hello 62263Hello 9723Hello 43070Hello 26429Hello 16644Hello 29890Hello 47796Hello 58772Hello 57944Hello 27017Hello 1385Hello 36578Hello 65114Hello 22046Hello 62718Hello 41385Hello 996Hello 32484Hello 20960Hello 51324Hello 13674Hello 40008Hello 38002Hello 63846Hello 35835Hello 60348Hello 31259Hello 56317Hello 17549Hello 15366Hello 15789Hello 44240Hello 7388Hello 25553Hello 50647Hello 3810Hello 52154Hello 10786Hello 55274Hello 58040Hello 21245Hello 62088Hello 63292Hello 8651Hello 63095Hello 56364Hello 61268Hello 41245Hello 17981Hello 65248Hello 19524Hello 5278Hello 58905Hello 29915Hello 9174Hello 32666Hello 57265Hello 39152Hello 65029Hello 64175Hello 63879Hello 45104Hello 38276Hello 65289Hello 5840Hello 2717Hello 58629Hello 26419Hello 14479Hello 55766Hello 6096Hello 23249Hello 48466Hello 37941Hello 10798Hello 27050Hello 48211Hello 7099Hello 2268Hello 11568Hello 24172Hello 3650Hello 23071Hello 19970Hello 54902Hello 45903Hello 21944Hello 7699Hello 3579Hello 38546Hello 46323Hello 61813Hello 54656Hello 61111Hello 23955Hello 7487Hello 39527Hello 42286Hello 10243Hello 7465Hello 26086Hello 499Hello 27856Hello 13855Hello 10557Hello 606Hello 36357Hello 52106Hello 5233Hello 25875Hello 22964Hello 20328Hello 45188Hello 45346Hello 32445Hello 24835Hello 57171Hello 2235Hello 54927Hello 35943Hello 58803Hello 48530Hello 22430Hello 17101Hello 8990Hello 47289Hello 9404Hello 6095Hello 8853Hello 29968Hello 13631Hello 11911Hello 48111Hello 60210Hello 6519Hello 22519Hello 43563Hello 34561Hello 27833Hello 13601Hello 30717Hello 16923Hello 25187Hello 40706Hello 9363Hello 63674Hello 54937Hello 21083Hello 40547Hello 42380Hello 20859Hello 11745Hello 5707Hello 49657Hello 49188Hello 27084Hello 11938Hello 32009Hello 55214Hello 46751Hello 3724Hello 47649Hello 62972Hello 49933Hello 52028Hello 40262Hello 39879Hello 58574Hello 7111Hello 11845Hello 61648Hello 40330Hello 3589Hello 36480Hello 13508Hello 5976Hello 35118Hello 7434Hello 22679Hello 27557Hello 36835Hello 4602Hello 56897Hello 15602Hello 45415Hello 18787Hello 42141Hello 30269Hello 56195Hello 26475Hello 19607Hello 5107Hello 43608Hello 52511Hello 51431Hello 46194Hello 1540Hello 53844Hello 43783Hello 43524Hello 54313Hello 31056Hello 54022Hello 7787Hello 46043Hello 49288Hello 10509Hello 5573Hello 48004Hello 56224Hello 19532Hello 716Hello 62080Hello 56558Hello 43790Hello 37855Hello 64179Hello 54740Hello 8208Hello 50025Hello 29024Hello 52031Hello 35226Hello 16640Hello 13750Hello 21977Hello 7047Hello 27521Hello 23104Hello 7420Hello 63410Hello 13833Hello 38727Hello 31491Hello 17361Hello 23929Hello 1776Hello 36598Hello 33465Hello 57744Hello 56751Hello 53987Hello 9324Hello 38010Hello 17914Hello 14859Hello 52981Hello 21077Hello 44979Hello 56061Hello 60106Hello 44884Hello 11480Hello 59510Hello 47969Hello 19392Hello 19498Hello 58283Hello 611Hello 56604Hello 53912Hello 16471Hello 48828Hello 33926Hello 31839Hello 5726Hello 58208Hello 49909Hello 29711Hello 57390Hello 64018Hello 23590Hello 1547Hello 32545Hello 14170Hello 37122Hello 29876Hello 34151Hello 34502Hello 11169Hello 20737Hello 7925Hello 44464Hello 55297Hello 13434Hello 24536Hello 39055Hello 16742Hello 21957Hello 62492Hello 28066Hello 50601Hello 61100Hello 14820Hello 39911Hello 55416Hello 20388Hello 10220Hello 45453Hello 27132Hello 12573Hello 45461Hello 64697Hello 65303Hello 46316Hello 48412Hello 56610Hello 41933Hello 28508Hello 58518Hello 56339Hello 39163Hello 46490Hello 30443Hello 33643Hello 29613Hello 56209Hello 5350Hello 62019Hello 31352Hello 21245Hello 45800Hello 43993Hello 31950Hello 15907Hello 59142Hello 47643Hello 13742Hello 29388Hello 11641Hello 60567Hello 33367Hello 6537Hello 23469Hello 3631Hello 4002Hello 45015Hello 53260Hello 50854Hello 18009Hello 21085Hello 56093Hello 41567Hello 21512Hello 41208Hello 2105Hello 62287Hello 55207Hello 20984Hello 46507Hello 37320Hello 17086Hello 31602Hello 56542Hello 38631Hello 27210Hello 64715Hello 62646Hello 10427Hello 48174Hello 3299Hello 62202Hello 30621Hello 52752Hello 56160Hello 52891Hello 29581Hello 20981Hello 31362Hello 10413Hello 5102Hello 18567Hello 9300Hello 9380Hello 34726Hello 29568Hello 63102Hello 58242Hello 41065Hello 8371Hello 61964Hello 23892Hello 59048Hello 46025Hello 41285Hello 15816Hello 23166Hello 22279Hello 33320Hello 7091Hello 55471Hello 50135Hello 65305Hello 36949Hello 20551Hello 15502Hello 50874Hello 12100Hello 57984Hello 2796Hello 29617Hello 43225Hello 52554Hello 1930Hello 61992Hello 35326Hello 54493Hello 44335Hello 53021Hello 17218Hello 3273Hello 19589Hello 52027Hello 29199Hello 17375Hello 41927Hello 50923Hello 5980Hello 59567Hello 62264Hello 38374Hello 19501Hello 13206Hello 32044Hello 23249Hello 19099Hello 24755Hello 5654Hello 19397Hello 26747Hello 53153Hello 19088Hello 5011Hello 50817Hello 56306Hello 37845Hello 39790Hello 25435Hello 39816Hello 34052Hello 16957Hello 19113Hello 40270Hello 55400Hello 50836Hello 33763Hello 50666Hello 31656Hello 37472Hello 9655Hello 28421Hello 60384Hello 23694Hello 4673Hello 30719Hello 32033Hello 16866Hello 30323Hello 18471Hello 26492Hello 52673Hello 43456Hello 4831Hello 15107Hello 59074Hello 43897Hello 64710Hello 54513Hello 51576Hello 55079Hello 53728Hello 43258Hello 41581Hello 14063Hello 3639Hello 30738Hello 3170Hello 8875Hello 46057Hello 59182Hello 17796Hello 48331Hello 62124Hello 7285Hello 41718Hello 19774Hello 36253Hello 58510Hello 21507Hello 11273Hello 62407Hello 23764Hello 50201Hello 50979Hello 49896Hello 43736Hello 57351Hello 9370Hello 8600Hello 39932Hello 29087Hello 49156Hello 3040Hello 22904Hello 34235Hello 4193Hello 45725Hello 6133Hello 52018Hello 39037Hello 65140Hello 3682Hello 13646Hello 49202Hello 64774Hello 5604Hello 4966Hello 45063Hello 50519Hello 50829Hello 29155Hello 59742Hello 33981Hello 10345Hello 42500Hello 36899Hello 59861Hello 33972Hello 50233Hello 22220Hello 13006Hello 52133Hello 39528Hello 14476Hello 32874Hello 39700Hello 40500Hello 2933Hello 31857Hello 26201Hello 32314Hello 26881Hello 47823Hello 48975Hello 4401Hello 47397Hello 12214Hello 59687Hello 17251Hello 13641Hello 10235Hello 19277Hello 35179Hello 7099Hello 11339Hello 39346Hello 64979Hello 17443Hello 56549Hello 50313Hello 61171Hello 18610Hello 31763Hello 61166Hello 17115Hello 16945Hello 10536Hello 54087Hello 45619Hello 31190Hello 55625Hello 14809Hello 2686Hello 13035Hello 27366Hello 45008Hello 15796Hello 12878Hello 13510Hello 7431Hello 37490Hello 22455Hello 9613Hello 33372Hello 39894Hello 2266Hello 15617Hello 16381Hello 43217Hello 43445Hello 22333Hello 51366Hello 19240Hello 25555Hello 55448Hello 41905Hello 52492Hello 27239Hello 7389Hello 40208Hello 48316Hello 45943Hello 14575Hello 2498Hello 64438Hello 37829Hello 59192Hello 49378Hello 31217Hello 35346Hello 51780Hello 25482Hello 44530Hello 47341Hello 15895Hello 58612Hello 29116Hello 5535Hello 18286Hello 38489Hello 38626Hello 27060Hello 58653Hello 13967Hello 43448Hello 13105Hello 1060Hello 5163Hello 52370Hello 15797Hello 4898Hello 33758Hello 43476Hello 61131Hello 42622Hello 29907Hello 38894Hello 30138Hello 1341Hello 38415Hello 20218Hello 53971Hello 7529Hello 4284Hello 43565Hello 33391Hello 27241Hello 55700Hello 13574Hello 17336Hello 51943Hello 51841Hello 11038Hello 63836Hello 10295Hello 8278Hello 22154Hello 47808Hello 42722Hello 55721Hello 54161Hello 29011Hello 6166Hello 12494Hello 10519Hello 60029Hello 27776Hello 8964Hello 32440Hello 48841Hello 39303Hello 32658Hello 11774Hello 2271Hello 57586Hello 22697Hello 18157Hello 35194Hello 40312Hello 34264Hello 55345Hello 51050Hello 59544Hello 15725Hello 58254Hello 4379Hello 23397Hello 58354Hello 65040Hello 47722Hello 12200Hello 726Hello 58963Hello 63814Hello 60590Hello 5905Hello 42334Hello 15761Hello 6219Hello 15097Hello 64243Hello 3160Hello 17790Hello 63775Hello 20304Hello 37714Hello 56524Hello 4504Hello 46287Hello 32713Hello 15165Hello 2221Hello 23361Hello 2750Hello 9744Hello 48712Hello 62099Hello 61725Hello 8738Hello 14581Hello 27770Hello 24222Hello 44109Hello 15312Hello 43985Hello 38316Hello 41541Hello 9526Hello 28419Hello 26690Hello 44041Hello 35505Hello 56230Hello 4360Hello 63813Hello 29744Hello 15805Hello 17838Hello 21663Hello 28865Hello 37467Hello 15951Hello 2100Hello 57320Hello 61209Hello 57726Hello 21872Hello 27998Hello 24925Hello 20346Hello 15290Hello 10616Hello 32289Hello 248Hello 33635Hello 24418Hello 41898Hello 47462Hello 52893Hello 60037Hello 31908Hello 22800Hello 38972Hello 21000Hello 23133Hello 20351Hello 27928Hello 34610Hello 42989Hello 31169Hello 14894Hello 47116Hello 28070Hello 14290Hello 21929Hello 14021Hello 40831Hello 49388Hello 60141Hello 14691Hello 39002Hello 29037Hello 19286Hello 59225Hello 43227Hello 42446Hello 33625Hello 50728Hello 45330Hello 63725Hello 31596Hello 32405Hello 15613Hello 61347Hello 54242Hello 40288Hello 6880Hello 42730Hello 3702Hello 38198Hello 36879Hello 25570Hello 60048Hello 63251Hello 5097Hello 4854Hello 30002Hello 40762Hello 5790Hello 64371Hello 23636Hello 38287Hello 63258Hello 47139Hello 39172Hello 57255Hello 48425Hello 60565Hello 12282Hello 40701Hello 33692Hello 35705Hello 63343Hello 35214Hello 33622Hello 58099Hello 27929Hello 6602Hello 48134Hello 49961Hello 22495Hello 62938Hello 34849Hello 28394Hello 63676Hello 9760Hello 7008Hello 61186Hello 32815Hello 12602Hello 18112Hello 31000Hello 57100Hello 34248Hello 17394Hello 55219Hello 64590Hello 43509Hello 34084Hello 20739Hello 3137Hello 3035Hello 13414Hello 49229Hello 22519Hello 38552Hello 52756Hello 20118Hello 1448Hello 55425Hello 40984Hello 33943Hello 6122Hello 41727Hello 11172Hello 7489Hello 33929Hello 17980Hello 13592Hello 25337Hello 18478Hello 46632Hello 22583Hello 43214Hello 21079Hello 62313Hello 1536Hello 51838Hello 28610Hello 22318Hello 40467Hello 42932Hello 58431Hello 43048Hello 32343Hello 16108Hello 24553Hello 352Hello 2531Hello 35811Hello 29478Hello 19302Hello 2896Hello 36939Hello 39064Hello 11950Hello 30505Hello 37390Hello 26537Hello 25306Hello 2333Hello 13349Hello 50643Hello 4075Hello 61628Hello 37512Hello 31685Hello 55224Hello 43066Hello 26086Hello 57907Hello 45836Hello 55272Hello 32360Hello 12294Hello 51712Hello 4868Hello 42277Hello 20964Hello 61649Hello 36619Hello 39445Hello 62755Hello 31066Hello 56713Hello 12821Hello 40202Hello 1355Hello 8414Hello 294Hello 48176Hello 22720Hello 45054Hello 48114Hello 37010Hello 13701Hello 57319Hello 29699Hello 29201Hello 24827Hello 29343Hello 52889Hello 56274Hello 36841Hello 4719Hello 8295Hello 29279Hello 59617Hello 3932Hello 30986Hello 52616Hello 38626Hello 3264Hello 23140Hello 8476Hello 52418Hello 16825Hello 26145Hello 56836Hello 53437Hello 10537Hello 44525Hello 3148Hello 55600Hello 50199Hello 63676Hello 41537Hello 30175Hello 59087Hello 39964Hello 31199Hello 34052Hello 35553Hello 19590Hello 7062Hello 28675Hello 54599Hello 25586Hello 27336Hello 10055Hello 52386Hello 32619Hello 40819Hello 30123Hello 12118Hello 43862Hello 14045Hello 51660Hello 22011Hello 50311Hello 26962Hello 817Hello 19243Hello 52796Hello 43588Hello 47199Hello 41841Hello 4137Hello 39499Hello 14891Hello 9542Hello 24042Hello 3731Hello 50436Hello 3397Hello 152Hello 23827Hello 34469Hello 280Hello 60495Hello 9093Hello 52414Hello 30704Hello 6582Hello 14748Hello 29192Hello 37838Hello 25681Hello 63211Hello 29243Hello 53930Hello 15073Hello 12341Hello 51532Hello 62983Hello 44130Hello 61628Hello 47007Hello 23529Hello 14128Hello 44597Hello 61885Hello 13206Hello 17130Hello 65335Hello 49455Hello 55072Hello 23329Hello 33346Hello 34081Hello 11234Hello 63754Hello 51466Hello 16160Hello 33206Hello 20201Hello 15027Hello 44356Hello 6995Hello 11134Hello 41667Hello 20475Hello 13Hello 54742Hello 49677Hello 18392Hello 30911Hello 59327Hello 46037Hello 58986Hello 10729Hello 60041Hello 34046Hello 61501Hello 51025Hello 63747Hello 57725Hello 1238Hello 42130Hello 57049Hello 38296Hello 54546Hello 61692Hello 27526Hello 11444Hello 20543Hello 3716Hello 49077Hello 32210Hello 31767Hello 7070Hello 26201Hello 63272Hello 1624Hello 13620Hello 16318Hello 17883Hello 2804Hello 12157Hello 57082Hello 21179Hello 30736Hello 39910Hello 63265Hello 57658Hello 54438Hello 47675Hello 5137Hello 6797Hello 18729Hello 6999Hello 57427Hello 39062Hello 48247Hello 63708Hello 42159Hello 34084Hello 15524Hello 9939Hello 38629Hello 22843Hello 46964Hello 61352Hello 38496Hello 1542Hello 6805Hello 60610Hello 36467Hello 30558Hello 51647Hello 32344Hello 16124Hello 8930Hello 40992Hello 42322Hello 5348Hello 51879Hello 53675Hello 34123Hello 47460Hello 60815Hello 25789Hello 31124Hello 177Hello 25083Hello 8593Hello 13308Hello 3570Hello 55798Hello 53215Hello 11967Hello 12042Hello 39825Hello 39915Hello 4202Hello 49560Hello 51355Hello 30985Hello 52953Hello 38374Hello 45678Hello 3954Hello 23099Hello 32283Hello 44829Hello 3493Hello 45163Hello 9270Hello 17926Hello 46958Hello 11079Hello 883Hello 45770Hello 24172Hello 29703Hello 6526Hello 18836Hello 61696Hello 33732Hello 22926Hello 38927Hello 47345Hello 34869Hello 53264Hello 13417Hello 65211Hello 46098Hello 23347Hello 42666Hello 34188Hello 47185Hello 13396Hello 7375Hello 51326Hello 11581Hello 35579Hello 44500Hello 52029Hello 65403Hello 16911Hello 7344Hello 17148Hello 27911Hello 35754Hello 27807Hello 34686Hello 15262Hello 16100Hello 40463Hello 21341Hello 49684Hello 63559Hello 55672Hello 25952Hello 16002Hello 47065Hello 24762Hello 52900Hello 38347Hello 42613Hello 34576Hello 13812Hello 3112Hello 28805Hello 60615Hello 12099Hello 45523Hello 30110Hello 28099Hello 9363Hello 19894Hello 50883Hello 57219Hello 2470Hello 51262Hello 23221Hello 48002Hello 54649Hello 17659Hello 65505Hello 18248Hello 20587Hello 2411Hello 49993Hello 23350Hello 40948Hello 13109Hello 13633Hello 35411Hello 40867Hello 51452Hello 28792Hello 65182Hello 49608Hello 4743Hello 9884Hello 59614Hello 8835Hello 63307Hello 65381Hello 22440Hello 47543Hello 41877Hello 31383Hello 13843Hello 23983Hello 58853Hello 62713Hello 17791Hello 51461Hello 24015Hello 15539Hello 41550Hello 32164Hello 13507Hello 474Hello 52671Hello 49647Hello 3938Hello 6151Hello 16391Hello 9342Hello 6368Hello 61570Hello 51295Hello 62122Hello 2271Hello 49214Hello 54971Hello 61310Hello 56546Hello 49146Hello 15969Hello 60712Hello 65061Hello 17488Hello 53791Hello 16092Hello 48449Hello 990Hello 48480Hello 57491Hello 39969Hello 19198Hello 43381Hello 57766Hello 15339Hello 7978Hello 24002Hello 8200Hello 52654Hello 11123Hello 32981Hello 47437Hello 5560Hello 31678Hello 51888Hello 62277Hello 42048Hello 7290Hello 16838Hello 7626Hello 11871Hello 20284Hello 18377Hello 4944Hello 38225Hello 64228Hello 38195Hello 19040Hello 11224Hello 49494Hello 18980Hello 49523Hello 10113Hello 55646Hello 10281Hello 22584Hello 23405Hello 46816Hello 32400Hello 37897Hello 45131Hello 57830Hello 17402Hello 52891Hello 37723Hello 27324Hello 44322Hello 44690Hello 21880Hello 45426Hello 27426Hello 40508Hello 64898Hello 25453Hello 25908Hello 6597Hello 54292Hello 49102Hello 12378Hello 14900Hello 54589Hello 43382Hello 48767Hello 35332Hello 43969Hello 56221Hello 5567Hello 5478Hello 2362Hello 25667Hello 44824Hello 62303Hello 1379Hello 54056Hello 25493Hello 35332Hello 27372Hello 58635Hello 12475Hello 3249Hello 20801Hello 63514Hello 30694Hello 10276Hello 50619Hello 26198Hello 3142Hello 23529Hello 31097Hello 4113Hello 21080Hello 53982Hello 43655Hello 15733Hello 54543Hello 19318Hello 31941Hello 21348Hello 8142Hello 5182Hello 19684Hello 20959Hello 34499Hello 33456Hello 65283Hello 13357Hello 40572Hello 57790Hello 36284Hello 12486Hello 59599Hello 31111Hello 63913Hello 43567Hello 18140Hello 58953Hello 7101Hello 40761Hello 24856Hello 34025Hello 30870Hello 4245Hello 56287Hello 61166Hello 14626Hello 40026Hello 1966Hello 25960Hello 19148Hello 22987Hello 26866Hello 30744Hello 15778Hello 48967Hello 40428Hello 35839Hello 10919Hello 47151Hello 2302Hello 6499Hello 5530Hello 43225Hello 37157Hello 37660Hello 16051Hello 42556Hello 20355Hello 37249Hello 21909Hello 46415Hello 44526Hello 28117Hello 14602Hello 31340Hello 26051Hello 57056Hello 2158Hello 52054Hello 38208Hello 54514Hello 24720Hello 8098Hello 6074Hello 43707Hello 2772Hello 43154Hello 45165Hello 26350Hello 57362Hello 6915Hello 26106Hello 19298Hello 8603Hello 1994Hello 62098Hello 60335Hello 37274Hello 53977Hello 54630Hello 2279Hello 18245Hello 16353Hello 60425Hello 11417Hello 43187Hello 57816Hello 64669Hello 410Hello 29510Hello 61774Hello 5705Hello 20558Hello 4500Hello 63314Hello 9303Hello 410Hello 57650Hello 42564Hello 59668Hello 48428Hello 906Hello 11897Hello 9023Hello 42005Hello 41694Hello 31067Hello 58763Hello 5567Hello 6238Hello 60126Hello 5062Hello 59929Hello 5557Hello 63667Hello 3082Hello 28840Hello 4787Hello 47931Hello 2149Hello 47230Hello 30014Hello 5660Hello 59536Hello 29012Hello 29805Hello 14724Hello 35550Hello 51558Hello 4403Hello 31260Hello 27647Hello 23039Hello 39522Hello 55529Hello 48427Hello 60815Hello 63105Hello 19483Hello 13681Hello 12111Hello 10677Hello 6352Hello 26187Hello 2766Hello 38893Hello 22512Hello 599Hello 56720Hello 44093Hello 24577Hello 2463Hello 8788Hello 33772Hello 36811Hello 17412Hello 54966Hello 64453Hello 12720Hello 27981Hello 65211Hello 53271Hello 10859Hello 62987Hello 15406Hello 61779Hello 4935Hello 58339Hello 25257Hello 10022Hello 21146Hello 52441Hello 6198Hello 54879Hello 30813Hello 51038Hello 59227Hello 27028Hello 11769Hello 63411Hello 58583Hello 47724Hello 23265Hello 59866Hello 54109Hello 14804Hello 10798Hello 17631Hello 2705Hello 8943Hello 13012Hello 7223Hello 43521Hello 22880Hello 34666Hello 52294Hello 13287Hello 47752Hello 14673Hello 12995Hello 36540Hello 50992Hello 5146Hello 25936Hello 49344Hello 29759Hello 28865Hello 27832Hello 31045Hello 51854Hello 11094Hello 27297Hello 40736Hello 11809Hello 16164Hello 40802Hello 37559Hello 40320Hello 42159Hello 17063Hello 19486Hello 44660Hello 39203Hello 29659Hello 29653Hello 10183Hello 26811Hello 54012Hello 47743Hello 50853Hello 8200Hello 54879Hello 3268Hello 2941Hello 51024Hello 21307Hello 16943Hello 58951Hello 5772Hello 4969Hello 37446Hello 29323Hello 16497Hello 38944Hello 28461Hello 16692Hello 50104Hello 33015Hello 25103Hello 46099Hello 61458Hello 15693Hello 35538Hello 43030Hello 34704Hello 15775Hello 12568Hello 33517Hello 33909Hello 45301Hello 59960Hello 43270Hello 52698Hello 45502Hello 29079Hello 18553Hello 54330Hello 42855Hello 58479Hello 21604Hello 28087Hello 32311Hello 31208Hello 25255Hello 48866Hello 16796Hello 25143Hello 13376Hello 36130Hello 23196Hello 51186Hello 27375Hello 5833Hello 12340Hello 46036Hello 45277Hello 19771Hello 16811Hello 60470Hello 51114Hello 1971Hello 7083Hello 35852Hello 4315Hello 6828Hello 2871Hello 28665Hello 47323Hello 60740Hello 7968Hello 20282Hello 60773Hello 24630Hello 2941Hello 61144Hello 22365Hello 36019Hello 16869Hello 52723Hello 55308Hello 32521Hello 24476Hello 17160Hello 51939Hello 10722Hello 1642Hello 8810Hello 56080Hello 42735Hello 1836Hello 61507Hello 39804Hello 19606Hello 45475Hello 8163Hello 64339Hello 27352Hello 59152Hello 31819Hello 20091Hello 46795Hello 48782Hello 55141Hello 50228Hello 14379Hello 50243Hello 3395Hello 15646Hello 426Hello 48523Hello 31659Hello 44795Hello 28589Hello 19110Hello 13808Hello 11644Hello 63455Hello 53312Hello 57296Hello 14857Hello 42047Hello 8462Hello 48327Hello 42590Hello 10667Hello 64634Hello 11713Hello 49537Hello 34006Hello 40016Hello 55990Hello 10826Hello 30424Hello 48111Hello 53093Hello 25267Hello 30140Hello 32539Hello 51069Hello 45286Hello 42996Hello 38265Hello 16756Hello 62157Hello 60973Hello 9074Hello 36415Hello 63675Hello 48229Hello 32364Hello 39242Hello 33508Hello 54552Hello 17399Hello 6264Hello 24964Hello 49226Hello 4366Hello 41173Hello 18974Hello 14267Hello 40155Hello 53206Hello 42821Hello 53713Hello 63091Hello 36006Hello 41549Hello 33884Hello 62272Hello 14326Hello 28593Hello 12479Hello 25275Hello 53316Hello 27673Hello 26447Hello 58556Hello 65484Hello 1471Hello 11391Hello 56878Hello 20680Hello 48085Hello 20126Hello 52454Hello 15912Hello 38470Hello 63739Hello 58190Hello 28351Hello 64874Hello 47974Hello 42244Hello 26820Hello 19035Hello 18995Hello 46829Hello 22374Hello 22686Hello 12024Hello 53708Hello 60092Hello 41388Hello 27476Hello 25365Hello 50804Hello 32683Hello 50675Hello 4996Hello 35800Hello 59496Hello 3970Hello 16060Hello 29164Hello 56937Hello 44351Hello 58103Hello 41889Hello 44069Hello 15679Hello 34421Hello 47739Hello 7707Hello 1360Hello 34255Hello 47479Hello 48415Hello 36265Hello 52918Hello 41012Hello 37286Hello 65395Hello 43447Hello 58611Hello 9725Hello 12181Hello 52664Hello 41650Hello 64824Hello 62462Hello 12909Hello 24333Hello 10085Hello 25897Hello 46489Hello 65033Hello 8855Hello 41662Hello 28119Hello 2978Hello 63490Hello 29256Hello 33692Hello 6416Hello 10977Hello 4451Hello 23104Hello 4060Hello 53311Hello 22054Hello 22801Hello 24282Hello 2189Hello 52886Hello 52551Hello 28471Hello 11326Hello 11328Hello 53988Hello 55506Hello 65001Hello 63644Hello 30989Hello 37333Hello 39233Hello 58235Hello 20875Hello 26084Hello 54522Hello 39533Hello 64735Hello 17856Hello 38298Hello 36441Hello 12592Hello 55725Hello 43507Hello 30914Hello 64726Hello 18344Hello 10705Hello 57285Hello 29309Hello 25737Hello 39673Hello 34070Hello 54191Hello 60519Hello 46769Hello 61967Hello 1240Hello 30813Hello 40541Hello 13029Hello 25203Hello 32577Hello 11171Hello 17702Hello 29587Hello 36497Hello 54549Hello 8536Hello 46576Hello 1619Hello 20000Hello 46464Hello 14730Hello 57615Hello 23406Hello 35381Hello 35379Hello 19779Hello 48842Hello 47111Hello 62955Hello 33254Hello 12072Hello 37255Hello 13942Hello 21148Hello 3871Hello 9346Hello 12037Hello 30509Hello 48992Hello 7856Hello 21410Hello 6485Hello 61820Hello 15180Hello 8559Hello 52248Hello 32025Hello 45386Hello 60275Hello 7879Hello 41823Hello 48168Hello 52030Hello 13571Hello 45798Hello 18126Hello 15653Hello 37126Hello 56370Hello 5791Hello 38102Hello 38327Hello 2306Hello 47969Hello 18848Hello 26792Hello 21395Hello 15147Hello 28345Hello 40480Hello 16702Hello 14101Hello 30466Hello 8218Hello 38209Hello 25741Hello 40047Hello 1861Hello 18654Hello 4670Hello 3396Hello 18732Hello 24586Hello 7286Hello 15474Hello 37062Hello 57189Hello 58323Hello 47075Hello 24857Hello 44932Hello 41693Hello 58966Hello 42631Hello 41546Hello 33919Hello 59983Hello 21870Hello 13995Hello 14008Hello 51914Hello 52398Hello 45959Hello 51493Hello 48867Hello 14411Hello 8090Hello 28765Hello 27482Hello 24289Hello 52105Hello 50171Hello 33413Hello 63125Hello 47986Hello 47494Hello 36251Hello 22467Hello 50435Hello 47536Hello 4159Hello 3258Hello 56853Hello 21959Hello 10541Hello 48865Hello 21125Hello 42695Hello 55383Hello 19585Hello 29251Hello 3507Hello 20591Hello 53197Hello 35561Hello 39898Hello 5169Hello 31690Hello 37242Hello 11667Hello 34598Hello 54428Hello 50542Hello 6506Hello 45517Hello 50432Hello 2036Hello 41805Hello 32284Hello 32218Hello 24561Hello 41145Hello 52479Hello 35795Hello 4895Hello 47064Hello 38061Hello 50039Hello 60930Hello 48766Hello 19800Hello 50753Hello 12924Hello 16111Hello 16721Hello 38828Hello 52435Hello 26872Hello 23394Hello 29824Hello 26474Hello 792Hello 53089Hello 26602Hello 21175Hello 32092Hello 39313Hello 46028Hello 32316Hello 57809Hello 20355Hello 14641Hello 59187Hello 49232Hello 16511Hello 3444Hello 56444Hello 19752Hello 6398Hello 25337Hello 14364Hello 13767Hello 55900Hello 47893Hello 56383Hello 19489Hello 4311Hello 51480Hello 33879Hello 52386Hello 73Hello 11568Hello 52203Hello 18858Hello 26088Hello 7146Hello 42868Hello 31184Hello 54395Hello 29114Hello 44321Hello 56175Hello 21727Hello 29315Hello 4302Hello 29366Hello 15654Hello 42215Hello 53808Hello 32718Hello 30106Hello 19998Hello 35507Hello 44126Hello 58924Hello 60390Hello 63334Hello 753Hello 61843Hello 61762Hello 57168Hello 63503Hello 60320Hello 5046Hello 59900Hello 35521Hello 63097Hello 44002Hello 47307Hello 7329Hello 64618Hello 61083Hello 22666Hello 51947Hello 55022Hello 50710Hello 27723Hello 62882Hello 43779Hello 22889Hello 28416Hello 23999Hello 24583Hello 20678Hello 39556Hello 12356Hello 5567Hello 34270Hello 12186Hello 8580Hello 1920Hello 58282Hello 20278Hello 38157Hello 43423Hello 1259Hello 21908Hello 25752Hello 9980Hello 27749Hello 4005Hello 14332Hello 60995Hello 51890Hello 30728Hello 55158Hello 144Hello 59504Hello 36384Hello 61748Hello 17078Hello 13434Hello 59533Hello 17127Hello 46749Hello 15182Hello 64383Hello 42222Hello 2875Hello 7635Hello 55522Hello 61440Hello 61527Hello 8466Hello 45617Hello 11192Hello 29170Hello 27948Hello 63083Hello 16610Hello 30220Hello 62963Hello 1183Hello 11335Hello 34938Hello 22987Hello 33922Hello 34263Hello 23634Hello 11363Hello 40432Hello 829Hello 25272Hello 49811Hello 32319Hello 62489Hello 3364Hello 61380Hello 34728Hello 65492Hello 11004Hello 61413Hello 51090Hello 49513Hello 13978Hello 30876Hello 24217Hello 59882Hello 12271Hello 62912Hello 41722Hello 6869Hello 866Hello 30887Hello 38439Hello 14078Hello 42641Hello 52602Hello 11397Hello 53662Hello 52582Hello 40878Hello 4064Hello 62619Hello 43048Hello 48445Hello 21059Hello 22857Hello 49475Hello 37403Hello 24632Hello 62590Hello 62023Hello 22444Hello 60899Hello 47433Hello 12798Hello 58051Hello 12060Hello 57811Hello 36714Hello 38108Hello 25769Hello 9915Hello 6271Hello 44206Hello 28223Hello 38338Hello 29987Hello 35882Hello 7343Hello 22537Hello 48352Hello 57160Hello 63572Hello 25212Hello 32017Hello 59153Hello 57175Hello 45837Hello 2535Hello 22296Hello 42913Hello 35093Hello 34635Hello 1846Hello 1389Hello 7729Hello 58627Hello 38221Hello 7879Hello 32682Hello 2474Hello 11656Hello 63253Hello 63419Hello 41541Hello 3064Hello 30771Hello 61164Hello 50649Hello 60968Hello 6001Hello 7958Hello 23585Hello 22157Hello 38334Hello 32402Hello 62262Hello 14698Hello 19333Hello 50309Hello 55136Hello 45323Hello 8644Hello 757Hello 799Hello 31872Hello 27704Hello 62829Hello 39230Hello 33345Hello 17297Hello 9878Hello 61117Hello 47634Hello 18268Hello 35790Hello 52618Hello 27167Hello 60917Hello 14064Hello 47832Hello 34052Hello 16807Hello 36979Hello 16063Hello 24968Hello 37708Hello 2380Hello 59448Hello 10710Hello 14411Hello 30471Hello 43523Hello 54804Hello 50110Hello 33096Hello 47789Hello 53039Hello 13614Hello 16659Hello 48269Hello 3566Hello 22192Hello 12130Hello 61361Hello 28486Hello 44467Hello 26009Hello 15308Hello 44468Hello 7539Hello 10985Hello 16376Hello 54298Hello 3177Hello 61841Hello 50528Hello 65107Hello 49170Hello 14864Hello 24252Hello 52412Hello 34533Hello 56395Hello 18554Hello 63814Hello 59006Hello 1870Hello 15215Hello 3945Hello 2627Hello 2816Hello 7344Hello 37313Hello 16848Hello 31268Hello 57992Hello 28956Hello 34776Hello 39512Hello 24993Hello 680Hello 2829Hello 46591Hello 4927Hello 53971Hello 12031Hello 55186Hello 42472Hello 54695Hello 25682Hello 38930Hello 63618Hello 40578Hello 17010Hello 65231Hello 55011Hello 38159Hello 20281Hello 19343Hello 5266Hello 6813Hello 40278Hello 47943Hello 52632Hello 49262Hello 13863Hello 50212Hello 58776Hello 37300Hello 17980Hello 62643Hello 3456Hello 37680Hello 61612Hello 27081Hello 29147Hello 15617Hello 22258Hello 38536Hello 61068Hello 49960Hello 18868Hello 43231Hello 57526Hello 8477Hello 48445Hello 14488Hello 57367Hello 53849Hello 41718Hello 12499Hello 19006Hello 57431Hello 51258Hello 12608Hello 43418Hello 7436Hello 21875Hello 9782Hello 51412Hello 58302Hello 45559Hello 33889Hello 59642Hello 61560Hello 11879Hello 11177Hello 31578Hello 26551Hello 36461Hello 63438Hello 60204Hello 34032Hello 53996Hello 13589Hello 58552Hello 17155Hello 55088Hello 26571Hello 8494Hello 6221Hello 4198Hello 28988Hello 51768Hello 12898Hello 12488Hello 27586Hello 7721Hello 12695Hello 58955Hello 49820Hello 23639Hello 29607Hello 59824Hello 33570Hello 15739Hello 61573Hello 42596Hello 29777Hello 21880Hello 2415Hello 20995Hello 1494Hello 19992Hello 44410Hello 5479Hello 15741Hello 41187Hello 60299Hello 25078Hello 38842Hello 265Hello 39765Hello 5398Hello 11467Hello 41843Hello 48138Hello 19483Hello 29807Hello 18074Hello 19749Hello 13471Hello 61375Hello 28340Hello 45215Hello 9273Hello 41932Hello 16679Hello 31535Hello 59766Hello 12813Hello 50963Hello 521Hello 47638Hello 40923Hello 54250Hello 53505Hello 12915Hello 64451Hello 64830Hello 62566Hello 28956Hello 11545Hello 33223Hello 4968Hello 63599Hello 46973Hello 60323Hello 22743Hello 56216Hello 41216Hello 6864Hello 50477Hello 47399Hello 16777Hello 23375Hello 46165Hello 8984Hello 17955Hello 17729Hello 37523Hello 1631Hello 20813Hello 50595Hello 24317Hello 65430Hello 12857Hello 28670Hello 8342Hello 24529Hello 56125Hello 34778Hello 51641Hello 5470Hello 20507Hello 38444Hello 54702Hello 24646Hello 23206Hello 10227Hello 16868Hello 11052Hello 64696Hello 58104Hello 5633Hello 53914Hello 61046Hello 45871Hello 26536Hello 8374Hello 35068Hello 62896Hello 49414Hello 56960Hello 55557Hello 46908Hello 3918Hello 19106Hello 62662Hello 48147Hello 26900Hello 42616Hello 58695Hello 1955Hello 63924Hello 55791Hello 41510Hello 56155Hello 13091Hello 27958Hello 45308Hello 39625Hello 63066Hello 21350Hello 15039Hello 58125Hello 2722Hello 10470Hello 30027Hello 52466Hello 10115Hello 33036Hello 56995Hello 18135Hello 64403Hello 51961Hello 32540Hello 24838Hello 56998Hello 11612Hello 65336Hello 52718Hello 7149Hello 53407Hello 28841Hello 2809Hello 27142Hello 22362Hello 49695Hello 18054Hello 61973Hello 38180Hello 27011Hello 30832Hello 9541Hello 1117Hello 31963Hello 54033Hello 10328Hello 26613Hello 57550Hello 40679Hello 446Hello 22560Hello 42017Hello 36710Hello 50581Hello 4101Hello 48866Hello 18036Hello 25622Hello 19826Hello 2253Hello 31504Hello 16115Hello 36043Hello 3399Hello 31651Hello 57492Hello 17687Hello 55456Hello 3609Hello 469Hello 29283Hello 31962Hello 12098Hello 37873Hello 24514Hello 44615Hello 54749Hello 56133Hello 5813Hello 20049Hello 13765Hello 44803Hello 62383Hello 46503Hello 64724Hello 51564Hello 54521Hello 23837Hello 63549Hello 64933Hello 33783Hello 53121Hello 37351Hello 17657Hello 47622Hello 59571Hello 62385Hello 38582Hello 48222Hello 15534Hello 44055Hello 59506Hello 55592Hello 37187Hello 22487Hello 2462Hello 27735Hello 9348Hello 22961Hello 6886Hello 56576Hello 36723Hello 9597Hello 27728Hello 22300Hello 46359Hello 32545Hello 23434Hello 49036Hello 13883Hello 14380Hello 38210Hello 19559Hello 23519Hello 43098Hello 60136Hello 39963Hello 45040Hello 47118Hello 10031Hello 17180Hello 44620Hello 50418Hello 3590Hello 35543Hello 56737Hello 32963Hello 36088Hello 1914Hello 9012Hello 48112Hello 46284Hello 9352Hello 9660Hello 21514Hello 59547Hello 40692Hello 10825Hello 26476Hello 63390Hello 39662Hello 43734Hello 33974Hello 41449Hello 1090Hello 9563Hello 43225Hello 57995Hello 51866Hello 52612Hello 47211Hello 41298Hello 3739Hello 40765Hello 950Hello 55955Hello 18008Hello 30251Hello 10153Hello 34664Hello 10555Hello 16626Hello 39338Hello 14170Hello 18063Hello 60334Hello 64426Hello 30290Hello 65264Hello 54954Hello 29865Hello 53963Hello 30573Hello 40249Hello 39490Hello 240Hello 47877Hello 6433Hello 57263Hello 209Hello 43655Hello 39292Hello 4971Hello 47631Hello 63607Hello 37968Hello 28898Hello 21161Hello 57723Hello 52904Hello 19877Hello 60520Hello 16815Hello 5250Hello 883Hello 14626Hello 5533Hello 21875Hello 1330Hello 43931Hello 40988Hello 54464Hello 58750Hello 1830Hello 1747Hello 6905Hello 64105Hello 29373Hello 46442Hello 9258Hello 40132Hello 59624Hello 9009Hello 57230Hello 24736Hello 22243Hello 3178Hello 19609Hello 53395Hello 52015Hello 54008Hello 40533Hello 16161Hello 3887Hello 22817Hello 41616Hello 57233Hello 17246Hello 51817Hello 60713Hello 13431Hello 63875Hello 23341Hello 53807Hello 53177Hello 61185Hello 7916Hello 18520Hello 34100Hello 28Hello 62816Hello 29663Hello 40358Hello 15908Hello 9488Hello 29870Hello 30321Hello 8176Hello 5199Hello 24450Hello 11735Hello 56650Hello 19233Hello 22230Hello 33436Hello 29212Hello 52650Hello 62898Hello 20863Hello 41976Hello 15318Hello 18081Hello 12286Hello 27038Hello 1774Hello 1576Hello 23461Hello 58407Hello 63304Hello 1928Hello 58423Hello 23433Hello 4304Hello 36407Hello 18321Hello 49771Hello 35486Hello 50540Hello 11824Hello 10870Hello 8103Hello 39389Hello 44334Hello 44170Hello 27640Hello 24816Hello 59041Hello 34318Hello 58396Hello 49261Hello 51097Hello 5899Hello 42653Hello 39503Hello 12669Hello 47642Hello 45227Hello 64351Hello 49728Hello 54342Hello 6219Hello 27646Hello 22707Hello 55808Hello 57387Hello 32272Hello 54213Hello 3989Hello 6628Hello 56016Hello 7389Hello 7424Hello 11147Hello 20233Hello 33397Hello 61555Hello 41057Hello 53151Hello 13370Hello 60162Hello 29006Hello 62907Hello 61095Hello 22337Hello 47163Hello 14616Hello 62242Hello 16463Hello 38087Hello 31472Hello 17909Hello 19448Hello 57234Hello 54236Hello 26934Hello 13157Hello 2315Hello 3505Hello 7589Hello 52809Hello 58131Hello 27483Hello 61630Hello 350Hello 2347Hello 28403Hello 27589Hello 14713Hello 59667Hello 1379Hello 11827Hello 54828Hello 13257Hello 37317Hello 1311Hello 32210Hello 62221Hello 38243Hello 48374Hello 5678Hello 42652Hello 15361Hello 6703Hello 7107Hello 64471Hello 2656Hello 45246Hello 8419Hello 41794Hello 35155Hello 10920Hello 40364Hello 21532Hello 20949Hello 40604Hello 57742Hello 25419Hello 2284Hello 46926Hello 29530Hello 47867Hello 52290Hello 49328Hello 12459Hello 32253Hello 660Hello 20969Hello 1417Hello 60480Hello 37337Hello 50208Hello 42860Hello 42135Hello 7295Hello 35846Hello 62016Hello 25874Hello 61791Hello 35043Hello 25194Hello 52120Hello 46997Hello 57366Hello 14682Hello 51133Hello 21221Hello 8054Hello 57354Hello 18096Hello 1293Hello 21864Hello 6045Hello 46373Hello 50223Hello 16799Hello 26939Hello 11900Hello 4104Hello 9683Hello 18660Hello 20489Hello 42792Hello 34043Hello 51426Hello 43802Hello 50063Hello 14538Hello 24787Hello 56120Hello 34577Hello 7109Hello 22382Hello 13990Hello 8906Hello 38967Hello 12533Hello 1816Hello 32298Hello 59038Hello 1426Hello 63274Hello 22345Hello 35559Hello 27812Hello 50558Hello 58218Hello 51715Hello 9767Hello 6604Hello 1535Hello 16732Hello 2210Hello 16205Hello 7903Hello 47127Hello 57780Hello 55563Hello 22060Hello 56976Hello 60983Hello 29245Hello 55943Hello 36527Hello 64578Hello 29570Hello 3371Hello 5673Hello 29211Hello 47894Hello 19034Hello 62274Hello 4494Hello 19834Hello 46182Hello 6362Hello 2373Hello 46267Hello 6626Hello 11214Hello 62315Hello 63291Hello 42478Hello 40923Hello 57772Hello 50401Hello 51740Hello 39478Hello 34738Hello 21105Hello 23971Hello 35837Hello 61821Hello 55270Hello 16570Hello 56403Hello 41684Hello 18243Hello 4146Hello 49527Hello 6494Hello 29167Hello 28183Hello 34005Hello 63177Hello 980Hello 47467Hello 25285Hello 42413Hello 29582Hello 7436Hello 47749Hello 28739Hello 41825Hello 27373Hello 10935Hello 34429Hello 4738Hello 28206Hello 3887Hello 33201Hello 30485Hello 52929Hello 31630Hello 20407Hello 64462Hello 55052Hello 6818Hello 8576Hello 49557Hello 25991Hello 60392Hello 4696Hello 3373Hello 38114Hello 17847Hello 1121Hello 14586Hello 54417Hello 10264Hello 44766Hello 59964Hello 3549Hello 2768Hello 17608Hello 10686Hello 54596Hello 40593Hello 50949Hello 33653Hello 33055Hello 46770Hello 55548Hello 41118Hello 14901Hello 34733Hello 57034Hello 45426Hello 38838Hello 41987Hello 6384Hello 21409Hello 1081Hello 16628Hello 42736Hello 61354Hello 63136Hello 62564Hello 49244Hello 28338Hello 17057Hello 37187Hello 54466Hello 45826Hello 47946Hello 62886Hello 31826Hello 37711Hello 64337Hello 62944Hello 48870Hello 26630Hello 31147Hello 63822Hello 64067Hello 22687Hello 40127Hello 20780Hello 13139Hello 36088Hello 61537Hello 59202Hello 12381Hello 22010Hello 22546Hello 26358Hello 50474Hello 57625Hello 5698Hello 33915Hello 58567Hello 19465Hello 19229Hello 28672Hello 50605Hello 25362Hello 464Hello 19223Hello 61115Hello 3399Hello 35Hello 59919Hello 63271Hello 53135Hello 31493Hello 32020Hello 18352Hello 36171Hello 9469Hello 25765Hello 17478Hello 61505Hello 38218Hello 30207Hello 42940Hello 25379Hello 13378Hello 30429Hello 17947Hello 10675Hello 1612Hello 20776Hello 51886Hello 49499Hello 3418Hello 6705Hello 37448Hello 2462Hello 28373Hello 4682Hello 53042Hello 13386Hello 36604Hello 19458Hello 11886Hello 50522Hello 44290Hello 1143Hello 42136Hello 40706Hello 264Hello 35536Hello 9563Hello 5421Hello 30412Hello 37802Hello 23783Hello 44530Hello 41228Hello 57187Hello 52250Hello 37463Hello 6403Hello 60504Hello 10528Hello 48978Hello 39210Hello 14156Hello 49526Hello 21549Hello 45740Hello 19917Hello 43605Hello 47217Hello 20402Hello 33244Hello 20738Hello 8005Hello 17169Hello 30918Hello 15611Hello 8089Hello 12383Hello 35533Hello 53181Hello 58784Hello 42892Hello 11108Hello 41425Hello 30745Hello 36392Hello 28219Hello 19984Hello 51473Hello 24815Hello 26196Hello 19493Hello 28714Hello 34352Hello 12917Hello 9609Hello 10068Hello 52408Hello 20375Hello 8544Hello 63076Hello 24012Hello 39273Hello 37068Hello 59367Hello 27423Hello 15546Hello 43816Hello 49461Hello 669Hello 16209Hello 32754Hello 45359Hello 4209Hello 21343Hello 50304Hello 6025Hello 9341Hello 33160Hello 57171Hello 30927Hello 30762Hello 26643Hello 50041Hello 7632Hello 17600Hello 17323Hello 48395Hello 20265Hello 33813Hello 36342Hello 65156Hello 10192Hello 23979Hello 62722Hello 27870Hello 62318Hello 3624Hello 59356Hello 40100Hello 49326Hello 55842Hello 2676Hello 39957Hello 23720Hello 46120Hello 54592Hello 9799Hello 15399Hello 61152Hello 2144Hello 26556Hello 16006Hello 36625Hello 39262Hello 17090Hello 25472Hello 10955Hello 58612Hello 23385Hello 34628Hello 32733Hello 46759Hello 62047Hello 23732Hello 46787Hello 29163Hello 17670Hello 30350Hello 55461Hello 54646Hello 33930Hello 19463Hello 58529Hello 36819Hello 20712Hello 58041Hello 46538Hello 7243Hello 34190Hello 41042Hello 32056Hello 17362Hello 38999Hello 24690Hello 36478Hello 2140Hello 49601Hello 15312Hello 53746Hello 55983Hello 30071Hello 1077Hello 17824Hello 11512Hello 32769Hello 62637Hello 32395Hello 10209Hello 33556Hello 60599Hello 19754Hello 5853Hello 1982Hello 19285Hello 17662Hello 10552Hello 30405Hello 41914Hello 40872Hello 47672Hello 63651Hello 57366Hello 58375Hello 17357Hello 59679Hello 5684Hello 54132Hello 51051Hello 38887Hello 55130Hello 42180Hello 36440Hello 1869Hello 58948Hello 14404Hello 4702Hello 40765Hello 29528Hello 18541Hello 52042Hello 2332Hello 32896Hello 61646Hello 36420Hello 17833Hello 13309Hello 51398Hello 61127Hello 52348Hello 16440Hello 9649Hello 42975Hello 53369Hello 25609Hello 33276Hello 2436Hello 21932Hello 57536Hello 23198Hello 55298Hello 32365Hello 49974Hello 46001Hello 46459Hello 13023Hello 50079Hello 47285Hello 37938Hello 58634Hello 17507Hello 20640Hello 19538Hello 32100Hello 32066Hello 13577Hello 43715Hello 38407Hello 58931Hello 8030Hello 49234Hello 38703Hello 24659Hello 23036Hello 57906Hello 20112Hello 13579Hello 24388Hello 52073Hello 2397Hello 38694Hello 28551Hello 33046Hello 8143Hello 42907Hello 53170Hello 42364Hello 50959Hello 11407Hello 48208Hello 49536Hello 2169Hello 57883Hello 52651Hello 7782Hello 19372Hello 65250Hello 16839Hello 12689Hello 59413Hello 61066Hello 17563Hello 25302Hello 62309Hello 44572Hello 13259Hello 17Hello 40859Hello 28258Hello 34154Hello 41289Hello 56502Hello 48952Hello 51287Hello 50093Hello 19323Hello 36940Hello 19284Hello 13958Hello 25383Hello 50823Hello 31688Hello 41963Hello 27714Hello 5976Hello 38304Hello 1134Hello 18684Hello 5508Hello 49505Hello 47725Hello 61905Hello 42238Hello 29312Hello 64919Hello 12009Hello 59262Hello 61911Hello 47472Hello 45021Hello 56693Hello 57514Hello 61524Hello 29466Hello 62291Hello 5262Hello 6244Hello 37438Hello 12163Hello 62705Hello 63835Hello 53176Hello 18359Hello 65277Hello 6318Hello 21012Hello 60972Hello 4776Hello 50401Hello 28500Hello 18466Hello 59617Hello 31845Hello 50529Hello 33952Hello 4488Hello 62751Hello 30884Hello 49479Hello 63651Hello 58677Hello 35319Hello 2086Hello 35548Hello 40088Hello 27401Hello 24012Hello 62087Hello 42006Hello 27474Hello 19930Hello 62629Hello 17191Hello 61678Hello 33532Hello 34256Hello 41098Hello 18786Hello 55960Hello 10182Hello 39390Hello 13358Hello 51397Hello 9349Hello 58065Hello 50070Hello 31462Hello 18382Hello 25592Hello 40999Hello 7404Hello 13033Hello 7703Hello 22286Hello 64204Hello 770Hello 5989Hello 63644Hello 13191Hello 19875Hello 7158Hello 28114Hello 8428Hello 53180Hello 25981Hello 27701Hello 31424Hello 44148Hello 42698Hello 58018Hello 47979Hello 32316Hello 46309Hello 47030Hello 44290Hello 22459Hello 64290Hello 10016Hello 37280Hello 62640Hello 18216Hello 21136Hello 26770Hello 60565Hello 46697Hello 45270Hello 21269Hello 55921Hello 62366Hello 39832Hello 18100Hello 3231Hello 60306Hello 19446Hello 11665 sul topic: mqttsn/sample
testPublishBigPayload.tearDown()
]]></system-out>
  </testcase>
  <testcase name="testConnectDisconnect0" classname="io.github.marcoratto.junit.mqttsn.TestPublisher" time="1.363">
    <system-out><![CDATA[testConnectDisconnect0.setUp()
WillTopicListener(): Ricevuto payload: offline sul topic: mqttsn/status
io.github.marcoratto.junit.mqttsn.TestPublisher.testConnectDisconnect0()
testConnectDisconnect0.tearDown()
]]></system-out>
  </testcase>
  <testcase name="testPublishTopicPredefinedQosN1" classname="io.github.marcoratto.junit.mqttsn.TestPublisher" time="1.325">
    <system-out><![CDATA[testPublishTopicPredefinedQosN1.setUp()
WillTopicListener(): Ricevuto payload: offline sul topic: mqttsn/status
io.github.marcoratto.junit.mqttsn.TestPublisher.testPublishTopicPredefinedQosN1()
TopicListener(): Ricevuto payload: Hello 53400 sul topic: mqttsn/test/predefined_pub
testPublishTopicPredefinedQosN1.tearDown()
]]></system-out>
  </testcase>
</testsuite>