<?xml version="1.0" encoding="UTF-8"?>
<testsuite xmlns:xsi="http://www.w3.org/2001/XMLSchema-instance" xsi:noNamespaceSchemaLocation="https://maven.apache.org/surefire/maven-surefire-plugin/xsd/surefire-test-report-3.0.xsd" version="3.0" name="io.github.marcoratto.junit.mqttsn.TestTopic" time="0.059" tests="34" errors="0" skipped="0" failures="0">
  <properties>
[...]
</properties>
  <testcase name="test10" classname="io.github.marcoratto.junit.mqttsn.TestTopic" time="0.002">
    <system-out><![CDATA[test10.setUp()
io.github.marcoratto.junit.mqttsn.TestTopic.test10()
test10.tearDown()
]]></system-out>
  </testcase>
  <testcase name="test11" classname="io.github.marcoratto.junit.mqttsn.TestTopic" time="0.002">
    <system-out><![CDATA[test11.setUp()
io.github.marcoratto.junit.mqttsn.TestTopic.test11()
test11.tearDown()
]]></system-out>
  </testcase>
  <testcase name="test12" classname="io.github.marcoratto.junit.mqttsn.TestTopic" time="0.002">
    <system-out><![CDATA[test12.setUp()
io.github.marcoratto.junit.mqttsn.TestTopic.test12()
test12.tearDown()
]]></system-out>
  </testcase>
  <testcase name="test13" classname="io.github.marcoratto.junit.mqttsn.TestTopic" time="0.002">
    <system-out><![CDATA[test13.setUp()
io.github.marcoratto.junit.mqttsn.TestTopic.test13()
test13.tearDown()
]]></system-out>
  </testcase>
  <testcase name="test14" classname="io.github.marcoratto.junit.mqttsn.TestTopic" time="0.002">
    <system-out><![CDATA[test14.setUp()
io.github.marcoratto.junit.mqttsn.TestTopic.test14()
test14.tearDown()
]]></system-out>
  </testcase>
  <testcase name="test15" classname="io.github.marcoratto.junit.mqttsn.TestTopic" time="0.004">
    <system-out><![CDATA[test15.setUp()
io.github.marcoratto.junit.mqttsn.TestTopic.test15()
test15.tearDown()
]]></system-out>
  </testcase>
  <testcase name="test16" classname="io.github.marcoratto.junit.mqttsn.TestTopic" time="0.002">
    <system-out><![CDATA[test16.setUp()
io.github.marcoratto.junit.mqttsn.TestTopic.test16()
test16.tearDown()
]]></system-out>
  </testcase>
  <testcase name="test17" classname="io.github.marcoratto.junit.mqttsn.TestTopic" time="0.002">
    <system-out><![CDATA[test17.setUp()
io.github.marcoratto.junit.mqttsn.TestTopic.test17()
test17.tearDown()
]]></system-out>
  </testcase>
  <testcase name="test18" classname="io.github.marcoratto.junit.mqttsn.TestTopic" time="0.001">
    <system-out><![CDATA[test18.setUp()
io.github.marcoratto.junit.mqttsn.TestTopic.test18()
test18.tearDown()
]]></system-out>
  </testcase>
  <testcase name="test19" classname="io.github.marcoratto.junit.mqttsn.TestTopic" time="0.001">
    <system-out><![CDATA[test19.setUp()
io.github.marcoratto.junit.mqttsn.TestTopic.test19()
test19.tearDown()
]]></system-out>
  </testcase>
  <testcase name="test20" classname="io.github.marcoratto.junit.mqttsn.TestTopic" time="0.001">
    <system-out><![CDATA[test20.setUp()
io.github.marcoratto.junit.mqttsn.TestTopic.test20()
test20.tearDown()
]]></system-out>
  </testcase>
  <testcase name="test21" classname="io.github.marcoratto.junit.mqttsn.TestTopic" time="0.001">
    <system-out><![CDATA[test21.setUp()
io.github.marcoratto.junit.mqttsn.TestTopic.test21()
test21.tearDown()
]]></system-out>
  </testcase>
  <testcase name="test22" classname="io.github.marcoratto.junit.mqttsn.TestTopic" time="0.001">
    <system-out><![CDATA[test22.setUp()
io.github.marcoratto.junit.mqttsn.TestTopic.test22()
test22.tearDown()
]]></system-out>
  </testcase>
  <testcase name="test23" classname="io.github.marcoratto.junit.mqttsn.TestTopic" time="0.001">
    <system-out><![CDATA[test23.setUp()
io.github.marcoratto.junit.mqttsn.TestTopic.test23()
test23.tearDown()
]]></system-out>
  </testcase>
  <testcase name="test24" classname="io.github.marcoratto.junit.mqttsn.TestTopic" time="0.002">
    <system-out><![CDATA[test24.setUp()
io.github.marcoratto.junit.mqttsn.TestTopic.test24()
test24.tearDown()
]]></system-out>
  </testcase>
  <testcase name="test25" classname="io.github.marcoratto.junit.mqttsn.TestTopic" time="0.001">
    <system-out><![CDATA[test25.setUp()
io.github.marcoratto.junit.mqttsn.TestTopic.test25()
test25.tearDown()
]]></system-out>
  </testcase>
  <testcase name="test26" classname="io.github.marcoratto.junit.mqttsn.TestTopic" time="0.006">
    <system-out><![CDATA[test26.setUp()
io.github.marcoratto.junit.mqttsn.TestTopic.test26()
test26.tearDown()
]]></system-out>
  </testcase>
  <testcase name="test27" classname="io.github.marcoratto.junit.mqttsn.TestTopic" time="0.002">
    <system-out><![CDATA[test27.setUp()
io.github.marcoratto.junit.mqttsn.TestTopic.test27()
test27.tearDown()
]]></system-out>
  </testcase>
  <testcase name="test28" classname="io.github.marcoratto.junit.mqttsn.TestTopic" time="0.0">
    <system-out><![CDATA[test28.setUp()
io.github.marcoratto.junit.mqttsn.TestTopic.test28()
test28.tearDown()
]]></system-out>
  </testcase>
  <testcase name="test29" classname="io.github.marcoratto.junit.mqttsn.TestTopic" time="0.0">
    <system-out><![CDATA[test29.setUp()
io.github.marcoratto.junit.mqttsn.TestTopic.test29()
test29.tearDown()
]]></system-out>
  </testcase>
  <testcase name="test30" classname="io.github.marcoratto.junit.mqttsn.TestTopic" time="0.001">
    <system-out><![CDATA[test30.setUp()
io.github.marcoratto.junit.mqttsn.TestTopic.test30()
test30.tearDown()
]]></system-out>
  </testcase>
  <testcase name="test31" classname="io.github.marcoratto.junit.mqttsn.TestTopic" time="0.0">
    <system-out><![CDATA[test31.setUp()
io.github.marcoratto.junit.mqttsn.TestTopic.test31()
test31.tearDown()
]]></system-out>
  </testcase>
  <testcase name="test32" classname="io.github.marcoratto.junit.mqttsn.TestTopic" time="0.001">
    <system-out><![CDATA[test32.setUp()
io.github.marcoratto.junit.mqttsn.TestTopic.test32()
test32.tearDown()
]]></system-out>
  </testcase>
  <testcase name="test33" classname="io.github.marcoratto.junit.mqttsn.TestTopic" time="0.001">
    <system-out><![CDATA[test33.setUp()
io.github.marcoratto.junit.mqttsn.TestTopic.test33()
test33.tearDown()
]]></system-out>
  </testcase>
  <testcase name="test34" classname="io.github.marcoratto.junit.mqttsn.TestTopic" time="0.001">
    <system-out><![CDATA[test34.setUp()
io.github.marcoratto.junit.mqttsn.TestTopic.test34()
test34.tearDown()
]]></system-out>
  </testcase>
  <testcase name="test1" classname="io.github.marcoratto.junit.mqttsn.TestTopic" time="0.0">
    <system-out><![CDATA[test1.setUp()
io.github.marcoratto.junit.mqttsn.TestTopic.test1()
test1.tearDown()
]]></system-out>
  </testcase>
  <testcase name="test2" classname="io.github.marcoratto.junit.mqttsn.TestTopic" time="0.001">
    <system-out><![CDATA[test2.setUp()
io.github.marcoratto.junit.mqttsn.TestTopic.test2()
test2.tearDown()
]]></system-out>
  </testcase>
  <testcase name="test3" classname="io.github.marcoratto.junit.mqttsn.TestTopic" time="0.003">
    <system-out><![CDATA[test3.setUp()
io.github.marcoratto.junit.mqttsn.TestTopic.test3()
test3.tearDown()
]]></system-out>
  </testcase>
  <testcase name="test4" classname="io.github.marcoratto.junit.mqttsn.TestTopic" time="0.002">
    <system-out><![CDATA[test4.setUp()
io.github.marcoratto.junit.mqttsn.TestTopic.test4()
test4.tearDown()
]]></system-out>
  </testcase>
  <testcase name="test5" classname="io.github.marcoratto.junit.mqttsn.TestTopic" time="0.001">
    <system-out><![CDATA[test5.setUp()
io.github.marcoratto.junit.mqttsn.TestTopic.test5()
test5.tearDown()
]]></system-out>
  </testcase>
  <testcase name="test6" classname="io.github.marcoratto.junit.mqttsn.TestTopic" time="0.001">
    <system-out><![CDATA[test6.setUp()
io.github.marcoratto.junit.mqttsn.TestTopic.test6()
test6.tearDown()
]]></system-out>
  </testcase>
  <testcase name="test7" classname="io.github.marcoratto.junit.mqttsn.TestTopic" time="0.002">
    <system-out><![CDATA[test7.setUp()
io.github.marcoratto.junit.mqttsn.TestTopic.test7()
test7.tearDown()
]]></system-out>
  </testcase>
  <testcase name="test8" classname="io.github.marcoratto.junit.mqttsn.TestTopic" time="0.001">
    <system-out><![CDATA[test8.setUp()
io.github.marcoratto.junit.mqttsn.TestTopic.test8()
test8.tearDown()
]]></system-out>
  </testcase>
  <testcase name="test9" classname="io.github.marcoratto.junit.mqttsn.TestTopic" time="0.001">
    <system-out><![CDATA[test9.setUp()
io.github.marcoratto.junit.mqttsn.TestTopic.test9()
test9.tearDown()
]]></system-out>
  </testcase>
</testsuite>