<?xml version="1.0" encoding="UTF-8"?>
<testsuite xmlns:xsi="http://www.w3.org/2001/XMLSchema-instance" xsi:noNamespaceSchemaLocation="https://maven.apache.org/surefire/maven-surefire-plugin/xsd/surefire-test-report-3.0.xsd" version="3.0" name="io.github.marcoratto.junit.mqttsn.TestSubscriber" time="64.253" tests="11" errors="0" skipped="0" failures="0">
  <properties>
[...]
</properties>
  <testcase name="testSubscribeWildcards" classname="io.github.marcoratto.junit.mqttsn.TestSubscriber" time="1.906">
    <system-out><![CDATA[testSubscribeWildcards.setUp()
io.github.marcoratto.junit.mqttsn.TestSubscriber.testSubscribeWildcards()
2025-10-20 16:38:16,898 [main] WARN  io.github.marcoratto.mqttsn.MqttSnClient - Listener for topic name not found. Search by Topic ID
Ricevuto payload: offline
2025-10-20 16:38:16,902 [main] WARN  io.github.marcoratto.mqttsn.MqttSnClient - Listener for topic name not found. Search by Topic ID
Ricevuto payload: offline
2025-10-20 16:38:16,904 [main] WARN  io.github.marcoratto.mqttsn.MqttSnClient - Listener for topic name not found. Search by Topic ID
Ricevuto payload: Hello 6371
Ricevuto payload: Hello 6371
2025-10-20 16:38:17,416 [main] WARN  io.github.marcoratto.mqttsn.MqttSnClient - Listener for topic name not found. Search by Topic ID
Ricevuto payload: Hello 6371
Ricevuto payload: Hello 6371
2025-10-20 16:38:17,424 [main] WARN  io.github.marcoratto.mqttsn.MqttSnClient - Listener for topic name not found. Search by Topic ID
Ricevuto payload: Hello 36450
Ricevuto payload: Hello 36450
2025-10-20 16:38:17,938 [main] WARN  io.github.marcoratto.mqttsn.MqttSnClient - Listener for topic name not found. Search by Topic ID
Ricevuto payload: Hello 36450
Ricevuto payload: Hello 36450
2025-10-20 16:38:17,945 [main] WARN  io.github.marcoratto.mqttsn.MqttSnClient - Listener for topic name not found. Search by Topic ID
Ricevuto payload: Hello 54330
Ricevuto payload: Hello 54330
2025-10-20 16:38:17,947 [main] WARN  io.github.marcoratto.mqttsn.MqttSnClient - Was expecting 'DISCONNECT' packet but received: PUBLISH
testSubscribeWildcards.tearDown()
]]></system-out>
  </testcase>
  <testcase name="testSubscribeBigPayload" classname="io.github.marcoratto.junit.mqttsn.TestSubscriber" time="4.714">
    <system-out><![CDATA[testSubscribeBigPayload.setUp()
io.github.marcoratto.junit.mqttsn.TestSubscriber.testSubscribeBigPayload()
Ricevuto payload: Hello 5394Hello 58800Hello 3051Hello 30661Hello 48337Hello 27579Hello 51869Hello 11422Hello 24615Hello 50231
testSubscribeBigPayload.tearDown()
]]></system-out>
  </testcase>
  <testcase name="testSubscribeMultipleLongTopicQos1" classname="io.github.marcoratto.junit.mqttsn.TestSubscriber" time="0.372">
    <system-out><![CDATA[testSubscribeMultipleLongTopicQos1.setUp()
io.github.marcoratto.junit.mqttsn.TestSubscriber.testSubscribeMultipleLongTopicQos1()
Ricevuto payload: Hello 30298
Ricevuto payload: Hello 38955
Ricevuto payload: Hello 18096
testSubscribeMultipleLongTopicQos1.tearDown()
]]></system-out>
  </testcase>
  <testcase name="testSubscribeShortTopic" classname="io.github.marcoratto.junit.mqttsn.TestSubscriber" time="1.341">
    <system-out><![CDATA[testSubscribeShortTopic.setUp()
io.github.marcoratto.junit.mqttsn.TestSubscriber.testSubscribeShortTopic()
Ricevuto payload: Hello 53224
testSubscribeShortTopic.tearDown()
]]></system-out>
  </testcase>
  <testcase name="testUnSubscribeShortTopic" classname="io.github.marcoratto.junit.mqttsn.TestSubscriber" time="1.338">
    <system-out><![CDATA[testUnSubscribeShortTopic.setUp()
io.github.marcoratto.junit.mqttsn.TestSubscriber.testUnSubscribeShortTopic()
testUnSubscribeShortTopic.tearDown()
]]></system-out>
  </testcase>
  <testcase name="testSubscribeNormalTopicQos0" classname="io.github.marcoratto.junit.mqttsn.TestSubscriber" time="0.342">
    <system-out><![CDATA[testSubscribeNormalTopicQos0.setUp()
io.github.marcoratto.junit.mqttsn.TestSubscriber.testSubscribeNormalTopicQos0()
Ricevuto payload: Hello 10844
testSubscribeNormalTopicQos0.tearDown()
]]></system-out>
  </testcase>
  <testcase name="testSubscribeNormalTopicQos1" classname="io.github.marcoratto.junit.mqttsn.TestSubscriber" time="0.342">
    <system-out><![CDATA[testSubscribeNormalTopicQos1.setUp()
io.github.marcoratto.junit.mqttsn.TestSubscriber.testSubscribeNormalTopicQos1()
Ricevuto payload: Hello 23584
testSubscribeNormalTopicQos1.tearDown()
]]></system-out>
  </testcase>
  <testcase name="testPing" classname="io.github.marcoratto.junit.mqttsn.TestSubscriber" time="44.844">
    <system-out><![CDATA[testPing.setUp()
io.github.marcoratto.junit.mqttsn.TestSubscriber.testPing()
2025-10-20 16:38:36,774 [main] WARN  io.github.marcoratto.mqttsn.MqttSnClient - Was expecting 'PUBLISH' packet but received: PINGRESP
2025-10-20 16:38:48,142 [main] WARN  io.github.marcoratto.mqttsn.MqttSnClient - Was expecting 'PUBLISH' packet but received: PINGRESP
2025-10-20 16:38:58,171 [main] WARN  io.github.marcoratto.mqttsn.MqttSnClient - Was expecting 'PUBLISH' packet but received: PINGRESP
2025-10-20 16:39:09,210 [main] WARN  io.github.marcoratto.mqttsn.MqttSnClient - Was expecting 'PUBLISH' packet but received: PINGRESP
Ricevuto payload: Hello 38559
testPing.tearDown()
]]></system-out>
  </testcase>
  <testcase name="testSubscribePredefinedTopic" classname="io.github.marcoratto.junit.mqttsn.TestSubscriber" time="6.372">
    <system-out><![CDATA[testSubscribePredefinedTopic.setUp()
io.github.marcoratto.junit.mqttsn.TestSubscriber.testSubscribeShortTopic()
Ricevuto payload: Hello 17989
testSubscribePredefinedTopic.tearDown()
]]></system-out>
  </testcase>
  <testcase name="testUnSubscribeNormalTopic" classname="io.github.marcoratto.junit.mqttsn.TestSubscriber" time="1.332">
    <system-out><![CDATA[testUnSubscribeNormalTopic.setUp()
io.github.marcoratto.junit.mqttsn.TestSubscriber.testUnSubscribeNormalTopic()
testUnSubscribeNormalTopic.tearDown()
]]></system-out>
  </testcase>
  <testcase name="testUnSubscribePredefinedTopic" classname="io.github.marcoratto.junit.mqttsn.TestSubscriber" time="1.345">
    <system-out><![CDATA[testUnSubscribePredefinedTopic.setUp()
io.github.marcoratto.junit.mqttsn.TestSubscriber.testUnSubscribeShortTopic()
testUnSubscribePredefinedTopic.tearDown()
]]></system-out>
  </testcase>
</testsuite>